{"meta": {"format": 3, "version": "7.15.4", "timestamp": "2026-08-25T12:24:26.910877", "branch_coverage": false, "show_contexts": false}, "files": {"app\\__init__.py": {"executed_lines": [], "summary": {"covered_lines": 0, "num_statements": 0, "percent_covered": 100.0, "percent_covered_display": "100", "missing_lines": 0, "excluded_lines": 0, "percent_statements_covered": 100.0, "percent_statements_covered_display": "100"}, "missing_lines": [], "excluded_lines": [], "functions": {"": {"executed_lines": [], "summary": {"covered_lines": 0, "num_statements": 0, "percent_covered": 100.0, "percent_covered_display": "100", "missing_lines": 0, "excluded_lines": 0, "percent_statements_covered": 100.0, "percent_statements_covered_display": "100"}, "missing_lines": [], "excluded_lines": [], "start_line": 1}}, "classes": {"": {"executed_lines": [], "summary": {"covered_lines": 0, "num_statements": 0, "percent_covered": 100.0, "percent_covered_display": "100", "missing_lines": 0, "excluded_lines": 0, "percent_statements_covered": 100.0, "percent_statements_covered_display": "100"}, "missing_lines": [], "excluded_lines": [], "start_line": 1}}}, "app\\ai\\__init__.py": {"executed_lines": [], "summary": {"covered_lines": 0, "num_statements": 0, "percent_covered": 100.0, "percent_covered_display": "100", "missing_lines": 0, "excluded_lines": 0, "percent_statements_covered": 100.0, "percent_statements_covered_display": "100"}, "missing_lines": [], "excluded_lines": [], "functions": {"": {"executed_lines": [], "summary": {"covered_lines": 0, "num_statements": 0, "percent_covered": 100.0, "percent_covered_display": "100", "missing_lines": 0, "excluded_lines": 0, "percent_statements_covered": 100.0, "percent_statements_covered_display": "100"}, "missing_lines": [], "excluded_lines": [], "start_line": 1}}, "classes": {"": {"executed_lines": [], "summary": {"covered_lines": 0, "num_statements": 0, "percent_covered": 100.0, "percent_covered_display": "100", "missing_lines": 0, "excluded_lines": 0, "percent_statements_covered": 100.0, "percent_statements_covered_display": "100"}, "missing_lines": [], "excluded_lines": [], "start_line": 1}}}, "app\\ai\\diagnostics.py": {"executed_lines": [], "summary": {"covered_lines": 0, "num_statements": 59, "percent_covered": 0.0, "percent_covered_display": "0", "missing_lines": 59, "excluded_lines": 0, "percent_statements_covered": 0.0, "percent_statements_covered_display": "0"}, "missing_lines": [2, 3, 5, 6, 7, 9, 12, 13, 16, 17, 18, 19, 20, 21, 22, 23, 24, 25, 26, 27, 28, 29, 30, 31, 32, 34, 35, 37, 38, 39, 40, 41, 42, 43, 44, 45, 46, 47, 48, 49, 51, 52, 54, 55, 56, 57, 58, 59, 60, 61, 62, 64, 65, 66, 67, 68, 69, 72, 73], "excluded_lines": [], "functions": {"_failure": {"executed_lines": [], "summary": {"covered_lines": 0, "num_statements": 1, "percent_covered": 0.0, "percent_covered_display": "0", "missing_lines": 1, "excluded_lines": 0, "percent_statements_covered": 0.0, "percent_statements_covered_display": "0"}, "missing_lines": [13], "excluded_lines": [], "start_line": 12}, "main": {"executed_lines": [], "summary": {"covered_lines": 0, "num_statements": 48, "percent_covered": 0.0, "percent_covered_display": "0", "missing_lines": 48, "excluded_lines": 0, "percent_statements_covered": 0.0, "percent_statements_covered_display": "0"}, "missing_lines": [17, 18, 19, 20, 21, 22, 23, 24, 25, 26, 27, 28, 29, 30, 31, 32, 34, 35, 37, 38, 39, 40, 41, 42, 43, 44, 45, 46, 47, 48, 49, 51, 52, 54, 55, 56, 57, 58, 59, 60, 61, 62, 64, 65, 66, 67, 68, 69], "excluded_lines": [], "start_line": 16}, "": {"executed_lines": [], "summary": {"covered_lines": 0, "num_statements": 10, "percent_covered": 0.0, "percent_covered_display": "0", "missing_lines": 10, "excluded_lines": 0, "percent_statements_covered": 0.0, "percent_statements_covered_display": "0"}, "missing_lines": [2, 3, 5, 6, 7, 9, 12, 16, 72, 73], "excluded_lines": [], "start_line": 1}}, "classes": {"": {"executed_lines": [], "summary": {"covered_lines": 0, "num_statements": 59, "percent_covered": 0.0, "percent_covered_display": "0", "missing_lines": 59, "excluded_lines": 0, "percent_statements_covered": 0.0, "percent_statements_covered_display": "0"}, "missing_lines": [2, 3, 5, 6, 7, 9, 12, 13, 16, 17, 18, 19, 20, 21, 22, 23, 24, 25, 26, 27, 28, 29, 30, 31, 32, 34, 35, 37, 38, 39, 40, 41, 42, 43, 44, 45, 46, 47, 48, 49, 51, 52, 54, 55, 56, 57, 58, 59, 60, 61, 62, 64, 65, 66, 67, 68, 69, 72, 73], "excluded_lines": [], "start_line": 1}}}, "app\\ai\\gemini_response.py": {"executed_lines": [1, 2, 5, 9, 11, 12, 13, 14, 15, 16, 17, 18, 19, 20, 21, 23, 24, 25, 26, 29, 31, 32, 33, 34, 35, 37, 40, 42, 43, 44, 45, 46], "summary": {"covered_lines": 32, "num_statements": 33, "percent_covered": 96.96969696969697, "percent_covered_display": "97", "missing_lines": 1, "excluded_lines": 0, "percent_statements_covered": 96.96969696969697, "percent_statements_covered_display": "97"}, "missing_lines": [36], "excluded_lines": [], "functions": {"extract_gemini_text": {"executed_lines": [11, 12, 13, 14, 15, 16, 17, 18, 19, 20, 21, 23, 24, 25, 26], "summary": {"covered_lines": 15, "num_statements": 15, "percent_covered": 100.0, "percent_covered_display": "100", "missing_lines": 0, "excluded_lines": 0, "percent_statements_covered": 100.0, "percent_statements_covered_display": "100"}, "missing_lines": [], "excluded_lines": [], "start_line": 9}, "normalize_gemini_json": {"executed_lines": [31, 32, 33, 34, 35, 37], "summary": {"covered_lines": 6, "num_statements": 7, "percent_covered": 85.71428571428571, "percent_covered_display": "86", "missing_lines": 1, "excluded_lines": 0, "percent_statements_covered": 85.71428571428571, "percent_statements_covered_display": "86"}, "missing_lines": [36], "excluded_lines": [], "start_line": 29}, "parse_gemini_json": {"executed_lines": [42, 43, 44, 45, 46], "summary": {"covered_lines": 5, "num_statements": 5, "percent_covered": 100.0, "percent_covered_display": "100", "missing_lines": 0, "excluded_lines": 0, "percent_statements_covered": 100.0, "percent_statements_covered_display": "100"}, "missing_lines": [], "excluded_lines": [], "start_line": 40}, "": {"executed_lines": [1, 2, 5, 9, 29, 40], "summary": {"covered_lines": 6, "num_statements": 6, "percent_covered": 100.0, "percent_covered_display": "100", "missing_lines": 0, "excluded_lines": 0, "percent_statements_covered": 100.0, "percent_statements_covered_display": "100"}, "missing_lines": [], "excluded_lines": [], "start_line": 1}}, "classes": {"GeminiResponseError": {"executed_lines": [], "summary": {"covered_lines": 0, "num_statements": 0, "percent_covered": 100.0, "percent_covered_display": "100", "missing_lines": 0, "excluded_lines": 0, "percent_statements_covered": 100.0, "percent_statements_covered_display": "100"}, "missing_lines": [], "excluded_lines": [], "start_line": 5}, "": {"executed_lines": [1, 2, 5, 9, 11, 12, 13, 14, 15, 16, 17, 18, 19, 20, 21, 23, 24, 25, 26, 29, 31, 32, 33, 34, 35, 37, 40, 42, 43, 44, 45, 46], "summary": {"covered_lines": 32, "num_statements": 33, "percent_covered": 96.96969696969697, "percent_covered_display": "97", "missing_lines": 1, "excluded_lines": 0, "percent_statements_covered": 96.96969696969697, "percent_statements_covered_display": "97"}, "missing_lines": [36], "excluded_lines": [], "start_line": 1}}}, "app\\ai\\ppt_mapping.py": {"executed_lines": [1, 2, 3, 4, 6, 7, 9, 10, 11, 12, 13, 14, 17, 34, 35, 38, 39, 42, 43, 46, 47, 49, 50, 53, 54, 56, 59, 84, 85, 88, 89, 90, 91, 92, 93, 95, 96, 98, 99, 100, 109, 110, 112, 113, 114, 115, 116, 117, 118, 119, 122], "summary": {"covered_lines": 51, "num_statements": 75, "percent_covered": 68.0, "percent_covered_display": "68", "missing_lines": 24, "excluded_lines": 0, "percent_statements_covered": 68.0, "percent_statements_covered_display": "68"}, "missing_lines": [65, 66, 67, 68, 69, 70, 71, 72, 73, 74, 94, 129, 130, 131, 137, 138, 139, 140, 141, 142, 143, 144, 145, 146], "excluded_lines": [], "functions": {"normalize_status_data": {"executed_lines": [], "summary": {"covered_lines": 0, "num_statements": 10, "percent_covered": 0.0, "percent_covered_display": "0", "missing_lines": 10, "excluded_lines": 0, "percent_statements_covered": 0.0, "percent_statements_covered_display": "0"}, "missing_lines": [65, 66, 67, 68, 69, 70, 71, 72, 73, 74], "excluded_lines": [], "start_line": 59}, "mapping_prompt": {"executed_lines": [85], "summary": {"covered_lines": 1, "num_statements": 1, "percent_covered": 100.0, "percent_covered_display": "100", "missing_lines": 0, "excluded_lines": 0, "percent_statements_covered": 100.0, "percent_statements_covered_display": "100"}, "missing_lines": [], "excluded_lines": [], "start_line": 84}, "map_with_gemini": {"executed_lines": [89, 90, 91, 92, 93, 95, 96, 98, 99, 100, 109, 110, 112, 113, 114, 115, 116, 117, 118, 119], "summary": {"covered_lines": 20, "num_statements": 21, "percent_covered": 95.23809523809524, "percent_covered_display": "95", "missing_lines": 1, "excluded_lines": 0, "percent_statements_covered": 95.23809523809524, "percent_statements_covered_display": "95"}, "missing_lines": [94], "excluded_lines": [], "start_line": 88}, "map_template": {"executed_lines": [], "summary": {"covered_lines": 0, "num_statements": 13, "percent_covered": 0.0, "percent_covered_display": "0", "missing_lines": 13, "excluded_lines": 0, "percent_statements_covered": 0.0, "percent_statements_covered_display": "0"}, "missing_lines": [129, 130, 131, 137, 138, 139, 140, 141, 142, 143, 144, 145, 146], "excluded_lines": [], "start_line": 122}, "": {"executed_lines": [1, 2, 3, 4, 6, 7, 9, 10, 11, 12, 13, 14, 17, 34, 35, 38, 39, 42, 43, 46, 47, 49, 50, 53, 54, 56, 59, 84, 88, 122], "summary": {"covered_lines": 30, "num_statements": 30, "percent_covered": 100.0, "percent_covered_display": "100", "missing_lines": 0, "excluded_lines": 0, "percent_statements_covered": 100.0, "percent_statements_covered_display": "100"}, "missing_lines": [], "excluded_lines": [], "start_line": 1}}, "classes": {"GeminiMappingConfigurationError": {"executed_lines": [], "summary": {"covered_lines": 0, "num_statements": 0, "percent_covered": 100.0, "percent_covered_display": "100", "missing_lines": 0, "excluded_lines": 0, "percent_statements_covered": 100.0, "percent_statements_covered_display": "100"}, "missing_lines": [], "excluded_lines": [], "start_line": 34}, "GeminiMappingError": {"executed_lines": [], "summary": {"covered_lines": 0, "num_statements": 0, "percent_covered": 100.0, "percent_covered_display": "100", "missing_lines": 0, "excluded_lines": 0, "percent_statements_covered": 100.0, "percent_statements_covered_display": "100"}, "missing_lines": [], "excluded_lines": [], "start_line": 38}, "GeminiMappingValidationError": {"executed_lines": [], "summary": {"covered_lines": 0, "num_statements": 0, "percent_covered": 100.0, "percent_covered_display": "100", "missing_lines": 0, "excluded_lines": 0, "percent_statements_covered": 100.0, "percent_statements_covered_display": "100"}, "missing_lines": [], "excluded_lines": [], "start_line": 42}, "SlideMapping": {"executed_lines": [], "summary": {"covered_lines": 0, "num_statements": 0, "percent_covered": 100.0, "percent_covered_display": "100", "missing_lines": 0, "excluded_lines": 0, "percent_statements_covered": 100.0, "percent_statements_covered_display": "100"}, "missing_lines": [], "excluded_lines": [], "start_line": 46}, "PPTMapping": {"executed_lines": [], "summary": {"covered_lines": 0, "num_statements": 0, "percent_covered": 100.0, "percent_covered_display": "100", "missing_lines": 0, "excluded_lines": 0, "percent_statements_covered": 100.0, "percent_statements_covered_display": "100"}, "missing_lines": [], "excluded_lines": [], "start_line": 53}, "": {"executed_lines": [1, 2, 3, 4, 6, 7, 9, 10, 11, 12, 13, 14, 17, 34, 35, 38, 39, 42, 43, 46, 47, 49, 50, 53, 54, 56, 59, 84, 85, 88, 89, 90, 91, 92, 93, 95, 96, 98, 99, 100, 109, 110, 112, 113, 114, 115, 116, 117, 118, 119, 122], "summary": {"covered_lines": 51, "num_statements": 75, "percent_covered": 68.0, "percent_covered_display": "68", "missing_lines": 24, "excluded_lines": 0, "percent_statements_covered": 68.0, "percent_statements_covered_display": "68"}, "missing_lines": [65, 66, 67, 68, 69, 70, 71, 72, 73, 74, 94, 129, 130, 131, 137, 138, 139, 140, 141, 142, 143, 144, 145, 146], "excluded_lines": [], "start_line": 1}}}, "app\\ai\\template_analysis.py": {"executed_lines": [1, 3, 4, 7, 8, 9, 10, 11, 12, 15, 16, 17, 18, 21, 22, 23, 24, 25, 28, 29, 30, 31, 32, 33, 34, 35, 36, 37, 38, 39, 40, 44, 45, 47, 48, 49, 50, 60, 61, 62], "summary": {"covered_lines": 40, "num_statements": 46, "percent_covered": 86.95652173913044, "percent_covered_display": "87", "missing_lines": 6, "excluded_lines": 0, "percent_statements_covered": 86.95652173913044, "percent_statements_covered_display": "87"}, "missing_lines": [41, 42, 46, 51, 52, 53], "excluded_lines": [], "functions": {"analyze_template": {"executed_lines": [29, 30, 31, 32, 33, 34, 35, 36, 37, 38, 39, 40, 44, 45, 47, 48, 49, 50, 60, 61, 62], "summary": {"covered_lines": 21, "num_statements": 27, "percent_covered": 77.77777777777777, "percent_covered_display": "78", "missing_lines": 6, "excluded_lines": 0, "percent_statements_covered": 77.77777777777777, "percent_statements_covered_display": "78"}, "missing_lines": [41, 42, 46, 51, 52, 53], "excluded_lines": [], "start_line": 28}, "": {"executed_lines": [1, 3, 4, 7, 8, 9, 10, 11, 12, 15, 16, 17, 18, 21, 22, 23, 24, 25, 28], "summary": {"covered_lines": 19, "num_statements": 19, "percent_covered": 100.0, "percent_covered_display": "100", "missing_lines": 0, "excluded_lines": 0, "percent_statements_covered": 100.0, "percent_statements_covered_display": "100"}, "missing_lines": [], "excluded_lines": [], "start_line": 1}}, "classes": {"TemplateElement": {"executed_lines": [], "summary": {"covered_lines": 0, "num_statements": 0, "percent_covered": 100.0, "percent_covered_display": "100", "missing_lines": 0, "excluded_lines": 0, "percent_statements_covered": 100.0, "percent_statements_covered_display": "100"}, "missing_lines": [], "excluded_lines": [], "start_line": 7}, "TemplateSlide": {"executed_lines": [], "summary": {"covered_lines": 0, "num_statements": 0, "percent_covered": 100.0, "percent_covered_display": "100", "missing_lines": 0, "excluded_lines": 0, "percent_statements_covered": 100.0, "percent_statements_covered_display": "100"}, "missing_lines": [], "excluded_lines": [], "start_line": 15}, "TemplateStructure": {"executed_lines": [], "summary": {"covered_lines": 0, "num_statements": 0, "percent_covered": 100.0, "percent_covered_display": "100", "missing_lines": 0, "excluded_lines": 0, "percent_statements_covered": 100.0, "percent_statements_covered_display": "100"}, "missing_lines": [], "excluded_lines": [], "start_line": 21}, "": {"executed_lines": [1, 3, 4, 7, 8, 9, 10, 11, 12, 15, 16, 17, 18, 21, 22, 23, 24, 25, 28, 29, 30, 31, 32, 33, 34, 35, 36, 37, 38, 39, 40, 44, 45, 47, 48, 49, 50, 60, 61, 62], "summary": {"covered_lines": 40, "num_statements": 46, "percent_covered": 86.95652173913044, "percent_covered_display": "87", "missing_lines": 6, "excluded_lines": 0, "percent_statements_covered": 86.95652173913044, "percent_statements_covered_display": "87"}, "missing_lines": [41, 42, 46, 51, 52, 53], "excluded_lines": [], "start_line": 1}}}, "app\\api\\__init__.py": {"executed_lines": [], "summary": {"covered_lines": 0, "num_statements": 0, "percent_covered": 100.0, "percent_covered_display": "100", "missing_lines": 0, "excluded_lines": 0, "percent_statements_covered": 100.0, "percent_statements_covered_display": "100"}, "missing_lines": [], "excluded_lines": [], "functions": {"": {"executed_lines": [], "summary": {"covered_lines": 0, "num_statements": 0, "percent_covered": 100.0, "percent_covered_display": "100", "missing_lines": 0, "excluded_lines": 0, "percent_statements_covered": 100.0, "percent_statements_covered_display": "100"}, "missing_lines": [], "excluded_lines": [], "start_line": 1}}, "classes": {"": {"executed_lines": [], "summary": {"covered_lines": 0, "num_statements": 0, "percent_covered": 100.0, "percent_covered_display": "100", "missing_lines": 0, "excluded_lines": 0, "percent_statements_covered": 100.0, "percent_statements_covered_display": "100"}, "missing_lines": [], "excluded_lines": [], "start_line": 1}}}, "app\\api\\v1\\__init__.py": {"executed_lines": [], "summary": {"covered_lines": 0, "num_statements": 0, "percent_covered": 100.0, "percent_covered_display": "100", "missing_lines": 0, "excluded_lines": 0, "percent_statements_covered": 100.0, "percent_statements_covered_display": "100"}, "missing_lines": [], "excluded_lines": [], "functions": {"": {"executed_lines": [], "summary": {"covered_lines": 0, "num_statements": 0, "percent_covered": 100.0, "percent_covered_display": "100", "missing_lines": 0, "excluded_lines": 0, "percent_statements_covered": 100.0, "percent_statements_covered_display": "100"}, "missing_lines": [], "excluded_lines": [], "start_line": 1}}, "classes": {"": {"executed_lines": [], "summary": {"covered_lines": 0, "num_statements": 0, "percent_covered": 100.0, "percent_covered_display": "100", "missing_lines": 0, "excluded_lines": 0, "percent_statements_covered": 100.0, "percent_statements_covered_display": "100"}, "missing_lines": [], "excluded_lines": [], "start_line": 1}}}, "app\\api\\v1\\ai.py": {"executed_lines": [1, 3, 4, 5, 6, 7, 9, 12, 13, 17, 18], "summary": {"covered_lines": 11, "num_statements": 13, "percent_covered": 84.61538461538461, "percent_covered_display": "85", "missing_lines": 2, "excluded_lines": 0, "percent_statements_covered": 84.61538461538461, "percent_statements_covered_display": "85"}, "missing_lines": [14, 19], "excluded_lines": [], "functions": {"providers": {"executed_lines": [], "summary": {"covered_lines": 0, "num_statements": 1, "percent_covered": 0.0, "percent_covered_display": "0", "missing_lines": 1, "excluded_lines": 0, "percent_statements_covered": 0.0, "percent_statements_covered_display": "0"}, "missing_lines": [14], "excluded_lines": [], "start_line": 13}, "rag_query": {"executed_lines": [], "summary": {"covered_lines": 0, "num_statements": 1, "percent_covered": 0.0, "percent_covered_display": "0", "missing_lines": 1, "excluded_lines": 0, "percent_statements_covered": 0.0, "percent_statements_covered_display": "0"}, "missing_lines": [19], "excluded_lines": [], "start_line": 18}, "": {"executed_lines": [1, 3, 4, 5, 6, 7, 9, 12, 13, 17, 18], "summary": {"covered_lines": 11, "num_statements": 11, "percent_covered": 100.0, "percent_covered_display": "100", "missing_lines": 0, "excluded_lines": 0, "percent_statements_covered": 100.0, "percent_statements_covered_display": "100"}, "missing_lines": [], "excluded_lines": [], "start_line": 1}}, "classes": {"": {"executed_lines": [1, 3, 4, 5, 6, 7, 9, 12, 13, 17, 18], "summary": {"covered_lines": 11, "num_statements": 13, "percent_covered": 84.61538461538461, "percent_covered_display": "85", "missing_lines": 2, "excluded_lines": 0, "percent_statements_covered": 84.61538461538461, "percent_statements_covered_display": "85"}, "missing_lines": [14, 19], "excluded_lines": [], "start_line": 1}}}, "app\\api\\v1\\auth.py": {"executed_lines": [1, 2, 3, 5, 6, 7, 8, 9, 11, 14, 15, 16, 17, 18, 19, 20, 21, 24, 25, 26, 29, 30], "summary": {"covered_lines": 22, "num_statements": 30, "percent_covered": 73.33333333333333, "percent_covered_display": "73", "missing_lines": 8, "excluded_lines": 0, "percent_statements_covered": 73.33333333333333, "percent_statements_covered_display": "73"}, "missing_lines": [35, 36, 37, 42, 43, 44, 45, 46], "excluded_lines": [], "functions": {"login": {"executed_lines": [16, 17, 18, 19, 20, 21], "summary": {"covered_lines": 6, "num_statements": 6, "percent_covered": 100.0, "percent_covered_display": "100", "missing_lines": 0, "excluded_lines": 0, "percent_statements_covered": 100.0, "percent_statements_covered_display": "100"}, "missing_lines": [], "excluded_lines": [], "start_line": 15}, "me": {"executed_lines": [26], "summary": {"covered_lines": 1, "num_statements": 1, "percent_covered": 100.0, "percent_covered_display": "100", "missing_lines": 0, "excluded_lines": 0, "percent_statements_covered": 100.0, "percent_statements_covered_display": "100"}, "missing_lines": [], "excluded_lines": [], "start_line": 25}, "create_user": {"executed_lines": [], "summary": {"covered_lines": 0, "num_statements": 8, "percent_covered": 0.0, "percent_covered_display": "0", "missing_lines": 8, "excluded_lines": 0, "percent_statements_covered": 0.0, "percent_statements_covered_display": "0"}, "missing_lines": [35, 36, 37, 42, 43, 44, 45, 46], "excluded_lines": [], "start_line": 30}, "": {"executed_lines": [1, 2, 3, 5, 6, 7, 8, 9, 11, 14, 15, 24, 25, 29, 30], "summary": {"covered_lines": 15, "num_statements": 15, "percent_covered": 100.0, "percent_covered_display": "100", "missing_lines": 0, "excluded_lines": 0, "percent_statements_covered": 100.0, "percent_statements_covered_display": "100"}, "missing_lines": [], "excluded_lines": [], "start_line": 1}}, "classes": {"": {"executed_lines": [1, 2, 3, 5, 6, 7, 8, 9, 11, 14, 15, 16, 17, 18, 19, 20, 21, 24, 25, 26, 29, 30], "summary": {"covered_lines": 22, "num_statements": 30, "percent_covered": 73.33333333333333, "percent_covered_display": "73", "missing_lines": 8, "excluded_lines": 0, "percent_statements_covered": 73.33333333333333, "percent_statements_covered_display": "73"}, "missing_lines": [35, 36, 37, 42, 43, 44, 45, 46], "excluded_lines": [], "start_line": 1}}}, "app\\api\\v1\\brd.py": {"executed_lines": [1, 2, 4, 5, 6, 7, 9, 10, 11, 12, 13, 14, 15, 25, 26, 28, 31, 35, 36, 38, 39, 44, 45, 46, 47, 50, 51, 52, 53, 54, 57, 58, 59, 62, 63, 64, 79, 95, 110, 111, 112, 113, 160, 161, 166, 167, 168, 169, 172, 173, 209, 210, 217, 218, 245, 246, 258, 259, 266, 267, 272, 274, 280, 291, 292, 293, 294, 295, 298, 299, 314, 315, 345, 346, 374, 375, 380, 381, 383, 384, 386, 389, 390, 396, 397, 398, 425, 426, 427, 436, 437, 438, 451, 454, 455, 456, 457, 459, 460, 461, 462, 463, 464, 465, 470], "summary": {"covered_lines": 105, "num_statements": 189, "percent_covered": 55.55555555555556, "percent_covered_display": "56", "missing_lines": 84, "excluded_lines": 0, "percent_statements_covered": 55.55555555555556, "percent_statements_covered_display": "56"}, "missing_lines": [32, 37, 40, 41, 80, 81, 96, 129, 130, 131, 141, 142, 152, 180, 181, 182, 184, 185, 186, 187, 188, 198, 199, 200, 201, 202, 203, 204, 205, 206, 211, 214, 223, 224, 225, 228, 238, 239, 240, 241, 242, 252, 253, 254, 255, 260, 261, 262, 263, 273, 305, 311, 323, 329, 330, 331, 332, 333, 334, 353, 359, 360, 361, 362, 371, 382, 399, 400, 401, 402, 403, 404, 405, 406, 407, 408, 409, 422, 423, 432, 433, 434, 435, 458], "excluded_lines": [], "functions": {"_json_dump": {"executed_lines": [], "summary": {"covered_lines": 0, "num_statements": 1, "percent_covered": 0.0, "percent_covered_display": "0", "missing_lines": 1, "excluded_lines": 0, "percent_statements_covered": 0.0, "percent_statements_covered_display": "0"}, "missing_lines": [32], "excluded_lines": [], "start_line": 31}, "_json_load": {"executed_lines": [36, 38, 39], "summary": {"covered_lines": 3, "num_statements": 6, "percent_covered": 50.0, "percent_covered_display": "50", "missing_lines": 3, "excluded_lines": 0, "percent_statements_covered": 50.0, "percent_statements_covered_display": "50"}, "missing_lines": [37, 40, 41], "excluded_lines": [], "start_line": 35}, "_hydrate_document": {"executed_lines": [45, 46, 47], "summary": {"covered_lines": 3, "num_statements": 3, "percent_covered": 100.0, "percent_covered_display": "100", "missing_lines": 0, "excluded_lines": 0, "percent_statements_covered": 100.0, "percent_statements_covered_display": "100"}, "missing_lines": [], "excluded_lines": [], "start_line": 44}, "_hydrate_requirement": {"executed_lines": [51, 52, 53, 54], "summary": {"covered_lines": 4, "num_statements": 4, "percent_covered": 100.0, "percent_covered_display": "100", "missing_lines": 0, "excluded_lines": 0, "percent_statements_covered": 100.0, "percent_statements_covered_display": "100"}, "missing_lines": [], "excluded_lines": [], "start_line": 50}, "_hydrate_artifact": {"executed_lines": [58, 59], "summary": {"covered_lines": 2, "num_statements": 2, "percent_covered": 100.0, "percent_covered_display": "100", "missing_lines": 0, "excluded_lines": 0, "percent_statements_covered": 100.0, "percent_statements_covered_display": "100"}, "missing_lines": [], "excluded_lines": [], "start_line": 57}, "_artifact_dict": {"executed_lines": [63, 64], "summary": {"covered_lines": 2, "num_statements": 2, "percent_covered": 100.0, "percent_covered_display": "100", "missing_lines": 0, "excluded_lines": 0, "percent_statements_covered": 100.0, "percent_statements_covered_display": "100"}, "missing_lines": [], "excluded_lines": [], "start_line": 62}, "_requirement_dict": {"executed_lines": [], "summary": {"covered_lines": 0, "num_statements": 2, "percent_covered": 0.0, "percent_covered_display": "0", "missing_lines": 2, "excluded_lines": 0, "percent_statements_covered": 0.0, "percent_statements_covered_display": "0"}, "missing_lines": [80, 81], "excluded_lines": [], "start_line": 79}, "_fallback_requirements": {"executed_lines": [], "summary": {"covered_lines": 0, "num_statements": 1, "percent_covered": 0.0, "percent_covered_display": "0", "missing_lines": 1, "excluded_lines": 0, "percent_statements_covered": 0.0, "percent_statements_covered_display": "0"}, "missing_lines": [96], "excluded_lines": [], "start_line": 95}, "_fallback_artifact": {"executed_lines": [111, 112, 113], "summary": {"covered_lines": 3, "num_statements": 9, "percent_covered": 33.333333333333336, "percent_covered_display": "33", "missing_lines": 6, "excluded_lines": 0, "percent_statements_covered": 33.333333333333336, "percent_statements_covered_display": "33"}, "missing_lines": [129, 130, 131, 141, 142, 152], "excluded_lines": [], "start_line": 110}, "list_documents": {"executed_lines": [166, 167, 168, 169], "summary": {"covered_lines": 4, "num_statements": 4, "percent_covered": 100.0, "percent_covered_display": "100", "missing_lines": 0, "excluded_lines": 0, "percent_statements_covered": 100.0, "percent_statements_covered_display": "100"}, "missing_lines": [], "excluded_lines": [], "start_line": 161}, "upload_document": {"executed_lines": [], "summary": {"covered_lines": 0, "num_statements": 17, "percent_covered": 0.0, "percent_covered_display": "0", "missing_lines": 17, "excluded_lines": 0, "percent_statements_covered": 0.0, "percent_statements_covered_display": "0"}, "missing_lines": [180, 181, 182, 184, 185, 186, 187, 188, 198, 199, 200, 201, 202, 203, 204, 205, 206], "excluded_lines": [], "start_line": 173}, "list_project_requirements": {"executed_lines": [], "summary": {"covered_lines": 0, "num_statements": 2, "percent_covered": 0.0, "percent_covered_display": "0", "missing_lines": 2, "excluded_lines": 0, "percent_statements_covered": 0.0, "percent_statements_covered_display": "0"}, "missing_lines": [211, 214], "excluded_lines": [], "start_line": 210}, "save_requirements": {"executed_lines": [], "summary": {"covered_lines": 0, "num_statements": 9, "percent_covered": 0.0, "percent_covered_display": "0", "missing_lines": 9, "excluded_lines": 0, "percent_statements_covered": 0.0, "percent_statements_covered_display": "0"}, "missing_lines": [223, 224, 225, 228, 238, 239, 240, 241, 242], "excluded_lines": [], "start_line": 218}, "list_artifacts": {"executed_lines": [], "summary": {"covered_lines": 0, "num_statements": 4, "percent_covered": 0.0, "percent_covered_display": "0", "missing_lines": 4, "excluded_lines": 0, "percent_statements_covered": 0.0, "percent_statements_covered_display": "0"}, "missing_lines": [252, 253, 254, 255], "excluded_lines": [], "start_line": 246}, "get_artifact": {"executed_lines": [], "summary": {"covered_lines": 0, "num_statements": 4, "percent_covered": 0.0, "percent_covered_display": "0", "missing_lines": 4, "excluded_lines": 0, "percent_statements_covered": 0.0, "percent_statements_covered_display": "0"}, "missing_lines": [260, 261, 262, 263], "excluded_lines": [], "start_line": 259}, "create_artifact": {"executed_lines": [272, 274, 280, 291, 292, 293, 294, 295], "summary": {"covered_lines": 8, "num_statements": 9, "percent_covered": 88.88888888888889, "percent_covered_display": "89", "missing_lines": 1, "excluded_lines": 0, "percent_statements_covered": 88.88888888888889, "percent_statements_covered_display": "89"}, "missing_lines": [273], "excluded_lines": [], "start_line": 267}, "list_artifact_versions": {"executed_lines": [], "summary": {"covered_lines": 0, "num_statements": 2, "percent_covered": 0.0, "percent_covered_display": "0", "missing_lines": 2, "excluded_lines": 0, "percent_statements_covered": 0.0, "percent_statements_covered_display": "0"}, "missing_lines": [305, 311], "excluded_lines": [], "start_line": 299}, "compare_artifact_versions": {"executed_lines": [], "summary": {"covered_lines": 0, "num_statements": 7, "percent_covered": 0.0, "percent_covered_display": "0", "missing_lines": 7, "excluded_lines": 0, "percent_statements_covered": 0.0, "percent_statements_covered_display": "0"}, "missing_lines": [323, 329, 330, 331, 332, 333, 334], "excluded_lines": [], "start_line": 315}, "restore_artifact_version": {"executed_lines": [], "summary": {"covered_lines": 0, "num_statements": 6, "percent_covered": 0.0, "percent_covered_display": "0", "missing_lines": 6, "excluded_lines": 0, "percent_statements_covered": 0.0, "percent_statements_covered_display": "0"}, "missing_lines": [353, 359, 360, 361, 362, 371], "excluded_lines": [], "start_line": 346}, "generate_brd_asset": {"executed_lines": [380, 381, 383, 384, 386, 389, 390, 396, 397, 398, 425, 426, 427, 436, 437, 438, 451], "summary": {"covered_lines": 17, "num_statements": 35, "percent_covered": 48.57142857142857, "percent_covered_display": "49", "missing_lines": 18, "excluded_lines": 0, "percent_statements_covered": 48.57142857142857, "percent_statements_covered_display": "49"}, "missing_lines": [382, 399, 400, 401, 402, 403, 404, 405, 406, 407, 408, 409, 422, 423, 432, 433, 434, 435], "excluded_lines": [], "start_line": 375}, "copilot_chat": {"executed_lines": [456, 457, 459, 460, 461, 462, 463, 464, 465, 470], "summary": {"covered_lines": 10, "num_statements": 11, "percent_covered": 90.9090909090909, "percent_covered_display": "91", "missing_lines": 1, "excluded_lines": 0, "percent_statements_covered": 90.9090909090909, "percent_statements_covered_display": "91"}, "missing_lines": [458], "excluded_lines": [], "start_line": 455}, "": {"executed_lines": [1, 2, 4, 5, 6, 7, 9, 10, 11, 12, 13, 14, 15, 25, 26, 28, 31, 35, 44, 50, 57, 62, 79, 95, 110, 160, 161, 172, 173, 209, 210, 217, 218, 245, 246, 258, 259, 266, 267, 298, 299, 314, 315, 345, 346, 374, 375, 454, 455], "summary": {"covered_lines": 49, "num_statements": 49, "percent_covered": 100.0, "percent_covered_display": "100", "missing_lines": 0, "excluded_lines": 0, "percent_statements_covered": 100.0, "percent_statements_covered_display": "100"}, "missing_lines": [], "excluded_lines": [], "start_line": 1}}, "classes": {"": {"executed_lines": [1, 2, 4, 5, 6, 7, 9, 10, 11, 12, 13, 14, 15, 25, 26, 28, 31, 35, 36, 38, 39, 44, 45, 46, 47, 50, 51, 52, 53, 54, 57, 58, 59, 62, 63, 64, 79, 95, 110, 111, 112, 113, 160, 161, 166, 167, 168, 169, 172, 173, 209, 210, 217, 218, 245, 246, 258, 259, 266, 267, 272, 274, 280, 291, 292, 293, 294, 295, 298, 299, 314, 315, 345, 346, 374, 375, 380, 381, 383, 384, 386, 389, 390, 396, 397, 398, 425, 426, 427, 436, 437, 438, 451, 454, 455, 456, 457, 459, 460, 461, 462, 463, 464, 465, 470], "summary": {"covered_lines": 105, "num_statements": 189, "percent_covered": 55.55555555555556, "percent_covered_display": "56", "missing_lines": 84, "excluded_lines": 0, "percent_statements_covered": 55.55555555555556, "percent_statements_covered_display": "56"}, "missing_lines": [32, 37, 40, 41, 80, 81, 96, 129, 130, 131, 141, 142, 152, 180, 181, 182, 184, 185, 186, 187, 188, 198, 199, 200, 201, 202, 203, 204, 205, 206, 211, 214, 223, 224, 225, 228, 238, 239, 240, 241, 242, 252, 253, 254, 255, 260, 261, 262, 263, 273, 305, 311, 323, 329, 330, 331, 332, 333, 334, 353, 359, 360, 361, 362, 371, 382, 399, 400, 401, 402, 403, 404, 405, 406, 407, 408, 409, 422, 423, 432, 433, 434, 435, 458], "excluded_lines": [], "start_line": 1}}}, "app\\api\\v1\\emails.py": {"executed_lines": [1, 3, 4, 5, 7, 8, 9, 10, 11, 12, 13, 14, 15, 17, 20, 21, 22, 25, 26, 30, 31, 38, 39, 44, 45, 47, 49, 50, 51, 52, 54, 55, 57, 58, 60, 64, 76, 77, 78, 79, 80, 82, 85, 86, 90, 91, 105, 106, 115, 116, 141, 142], "summary": {"covered_lines": 52, "num_statements": 115, "percent_covered": 45.21739130434783, "percent_covered_display": "45", "missing_lines": 63, "excluded_lines": 0, "percent_statements_covered": 45.21739130434783, "percent_statements_covered_display": "45"}, "missing_lines": [27, 32, 33, 34, 35, 46, 48, 53, 56, 59, 62, 63, 81, 87, 92, 93, 94, 95, 96, 97, 98, 99, 100, 101, 102, 107, 108, 109, 110, 111, 112, 117, 118, 119, 120, 121, 122, 123, 124, 125, 126, 127, 128, 129, 130, 131, 132, 133, 134, 135, 136, 137, 138, 143, 144, 145, 146, 147, 148, 149, 150, 151, 152], "excluded_lines": [], "functions": {"email_config": {"executed_lines": [22], "summary": {"covered_lines": 1, "num_statements": 1, "percent_covered": 100.0, "percent_covered_display": "100", "missing_lines": 0, "excluded_lines": 0, "percent_statements_covered": 100.0, "percent_statements_covered_display": "100"}, "missing_lines": [], "excluded_lines": [], "start_line": 21}, "email_templates": {"executed_lines": [], "summary": {"covered_lines": 0, "num_statements": 1, "percent_covered": 0.0, "percent_covered_display": "0", "missing_lines": 1, "excluded_lines": 0, "percent_statements_covered": 0.0, "percent_statements_covered_display": "0"}, "missing_lines": [27], "excluded_lines": [], "start_line": 26}, "list_scheduled_emails": {"executed_lines": [], "summary": {"covered_lines": 0, "num_statements": 4, "percent_covered": 0.0, "percent_covered_display": "0", "missing_lines": 4, "excluded_lines": 0, "percent_statements_covered": 0.0, "percent_statements_covered_display": "0"}, "missing_lines": [32, 33, 34, 35], "excluded_lines": [], "start_line": 31}, "schedule_email": {"executed_lines": [44, 45, 47, 49, 50, 51, 52, 54, 55, 57, 58, 60, 64, 76, 77, 78, 79, 80, 82], "summary": {"covered_lines": 19, "num_statements": 27, "percent_covered": 70.37037037037037, "percent_covered_display": "70", "missing_lines": 8, "excluded_lines": 0, "percent_statements_covered": 70.37037037037037, "percent_statements_covered_display": "70"}, "missing_lines": [46, 48, 53, 56, 59, 62, 63, 81], "excluded_lines": [], "start_line": 39}, "dispatch_due": {"executed_lines": [], "summary": {"covered_lines": 0, "num_statements": 1, "percent_covered": 0.0, "percent_covered_display": "0", "missing_lines": 1, "excluded_lines": 0, "percent_statements_covered": 0.0, "percent_statements_covered_display": "0"}, "missing_lines": [87], "excluded_lines": [], "start_line": 86}, "cancel_email": {"executed_lines": [], "summary": {"covered_lines": 0, "num_statements": 11, "percent_covered": 0.0, "percent_covered_display": "0", "missing_lines": 11, "excluded_lines": 0, "percent_statements_covered": 0.0, "percent_statements_covered_display": "0"}, "missing_lines": [92, 93, 94, 95, 96, 97, 98, 99, 100, 101, 102], "excluded_lines": [], "start_line": 91}, "get_email": {"executed_lines": [], "summary": {"covered_lines": 0, "num_statements": 6, "percent_covered": 0.0, "percent_covered_display": "0", "missing_lines": 6, "excluded_lines": 0, "percent_statements_covered": 0.0, "percent_statements_covered_display": "0"}, "missing_lines": [107, 108, 109, 110, 111, 112], "excluded_lines": [], "start_line": 106}, "update_email": {"executed_lines": [], "summary": {"covered_lines": 0, "num_statements": 22, "percent_covered": 0.0, "percent_covered_display": "0", "missing_lines": 22, "excluded_lines": 0, "percent_statements_covered": 0.0, "percent_statements_covered_display": "0"}, "missing_lines": [117, 118, 119, 120, 121, 122, 123, 124, 125, 126, 127, 128, 129, 130, 131, 132, 133, 134, 135, 136, 137, 138], "excluded_lines": [], "start_line": 116}, "retry_email": {"executed_lines": [], "summary": {"covered_lines": 0, "num_statements": 10, "percent_covered": 0.0, "percent_covered_display": "0", "missing_lines": 10, "excluded_lines": 0, "percent_statements_covered": 0.0, "percent_statements_covered_display": "0"}, "missing_lines": [143, 144, 145, 146, 147, 148, 149, 150, 151, 152], "excluded_lines": [], "start_line": 142}, "": {"executed_lines": [1, 3, 4, 5, 7, 8, 9, 10, 11, 12, 13, 14, 15, 17, 20, 21, 25, 26, 30, 31, 38, 39, 85, 86, 90, 91, 105, 106, 115, 116, 141, 142], "summary": {"covered_lines": 32, "num_statements": 32, "percent_covered": 100.0, "percent_covered_display": "100", "missing_lines": 0, "excluded_lines": 0, "percent_statements_covered": 100.0, "percent_statements_covered_display": "100"}, "missing_lines": [], "excluded_lines": [], "start_line": 1}}, "classes": {"": {"executed_lines": [1, 3, 4, 5, 7, 8, 9, 10, 11, 12, 13, 14, 15, 17, 20, 21, 22, 25, 26, 30, 31, 38, 39, 44, 45, 47, 49, 50, 51, 52, 54, 55, 57, 58, 60, 64, 76, 77, 78, 79, 80, 82, 85, 86, 90, 91, 105, 106, 115, 116, 141, 142], "summary": {"covered_lines": 52, "num_statements": 115, "percent_covered": 45.21739130434783, "percent_covered_display": "45", "missing_lines": 63, "excluded_lines": 0, "percent_statements_covered": 45.21739130434783, "percent_statements_covered_display": "45"}, "missing_lines": [27, 32, 33, 34, 35, 46, 48, 53, 56, 59, 62, 63, 81, 87, 92, 93, 94, 95, 96, 97, 98, 99, 100, 101, 102, 107, 108, 109, 110, 111, 112, 117, 118, 119, 120, 121, 122, 123, 124, 125, 126, 127, 128, 129, 130, 131, 132, 133, 134, 135, 136, 137, 138, 143, 144, 145, 146, 147, 148, 149, 150, 151, 152], "excluded_lines": [], "start_line": 1}}}, "app\\api\\v1\\governance.py": {"executed_lines": [1, 2, 3, 4, 5, 7, 8, 9, 10, 11, 12, 13, 14, 15, 16, 17, 25, 28, 29, 32, 33, 34, 35, 36, 37, 40, 41, 42, 43, 46, 47, 48, 49, 67, 68, 69, 70, 71, 72, 73, 74, 77, 78, 84, 85, 86, 87, 89, 90, 106, 107, 108, 111, 112, 113, 114, 116, 119, 120, 132, 133, 164, 165, 171, 172, 174, 175, 176, 177, 178, 179, 183, 184, 185, 186, 189, 190, 191, 192, 194, 195, 197, 198, 199, 202, 203, 213, 214, 215, 216, 218, 219, 220, 221, 222, 223, 224, 225, 226, 229, 230, 231, 234, 235, 250, 251, 261, 262, 263, 266, 267, 268, 269, 270, 271, 272, 273, 276, 277, 293, 294, 310, 311, 312, 313, 314, 315, 316, 317, 318, 319, 320, 323, 324, 328, 329], "summary": {"covered_lines": 136, "num_statements": 237, "percent_covered": 57.38396624472574, "percent_covered_display": "57", "missing_lines": 101, "excluded_lines": 0, "percent_statements_covered": 57.38396624472574, "percent_statements_covered_display": "57"}, "missing_lines": [88, 92, 93, 94, 95, 96, 97, 98, 99, 100, 101, 102, 103, 115, 121, 122, 123, 124, 125, 126, 127, 128, 129, 140, 141, 142, 143, 144, 145, 146, 147, 148, 149, 151, 152, 153, 154, 155, 156, 157, 158, 159, 160, 161, 173, 180, 181, 182, 193, 196, 204, 205, 206, 207, 208, 209, 210, 217, 236, 237, 238, 239, 240, 241, 242, 243, 244, 245, 246, 247, 252, 253, 254, 255, 256, 257, 258, 278, 280, 281, 282, 283, 284, 285, 286, 287, 288, 289, 290, 295, 296, 297, 300, 301, 302, 304, 305, 306, 307, 325, 330], "excluded_lines": [], "functions": {"_account_template": {"executed_lines": [29], "summary": {"covered_lines": 1, "num_statements": 1, "percent_covered": 100.0, "percent_covered_display": "100", "missing_lines": 0, "excluded_lines": 0, "percent_statements_covered": 100.0, "percent_statements_covered_display": "100"}, "missing_lines": [], "excluded_lines": [], "start_line": 28}, "_account_response": {"executed_lines": [33, 34, 35, 36, 37], "summary": {"covered_lines": 5, "num_statements": 5, "percent_covered": 100.0, "percent_covered_display": "100", "missing_lines": 0, "excluded_lines": 0, "percent_statements_covered": 100.0, "percent_statements_covered_display": "100"}, "missing_lines": [], "excluded_lines": [], "start_line": 32}, "_validated_uploaded_template": {"executed_lines": [41, 42, 43], "summary": {"covered_lines": 3, "num_statements": 3, "percent_covered": 100.0, "percent_covered_display": "100", "missing_lines": 0, "excluded_lines": 0, "percent_statements_covered": 100.0, "percent_statements_covered_display": "100"}, "missing_lines": [], "excluded_lines": [], "start_line": 40}, "list_employees": {"executed_lines": [48, 49], "summary": {"covered_lines": 2, "num_statements": 2, "percent_covered": 100.0, "percent_covered_display": "100", "missing_lines": 0, "excluded_lines": 0, "percent_statements_covered": 100.0, "percent_statements_covered_display": "100"}, "missing_lines": [], "excluded_lines": [], "start_line": 47}, "create_account": {"executed_lines": [69, 70, 71, 72, 73, 74], "summary": {"covered_lines": 6, "num_statements": 6, "percent_covered": 100.0, "percent_covered_display": "100", "missing_lines": 0, "excluded_lines": 0, "percent_statements_covered": 100.0, "percent_statements_covered_display": "100"}, "missing_lines": [], "excluded_lines": [], "start_line": 68}, "create_account_with_template": {"executed_lines": [84, 85, 86, 87, 89, 90], "summary": {"covered_lines": 6, "num_statements": 19, "percent_covered": 31.57894736842105, "percent_covered_display": "32", "missing_lines": 13, "excluded_lines": 0, "percent_statements_covered": 31.57894736842105, "percent_statements_covered_display": "32"}, "missing_lines": [88, 92, 93, 94, 95, 96, 97, 98, 99, 100, 101, 102, 103], "excluded_lines": [], "start_line": 78}, "list_accounts": {"executed_lines": [108], "summary": {"covered_lines": 1, "num_statements": 1, "percent_covered": 100.0, "percent_covered_display": "100", "missing_lines": 0, "excluded_lines": 0, "percent_statements_covered": 100.0, "percent_statements_covered_display": "100"}, "missing_lines": [], "excluded_lines": [], "start_line": 107}, "get_account": {"executed_lines": [113, 114, 116], "summary": {"covered_lines": 3, "num_statements": 4, "percent_covered": 75.0, "percent_covered_display": "75", "missing_lines": 1, "excluded_lines": 0, "percent_statements_covered": 75.0, "percent_statements_covered_display": "75"}, "missing_lines": [115], "excluded_lines": [], "start_line": 112}, "update_account": {"executed_lines": [], "summary": {"covered_lines": 0, "num_statements": 9, "percent_covered": 0.0, "percent_covered_display": "0", "missing_lines": 9, "excluded_lines": 0, "percent_statements_covered": 0.0, "percent_statements_covered_display": "0"}, "missing_lines": [121, 122, 123, 124, 125, 126, 127, 128, 129], "excluded_lines": [], "start_line": 120}, "update_account_with_template": {"executed_lines": [], "summary": {"covered_lines": 0, "num_statements": 21, "percent_covered": 0.0, "percent_covered_display": "0", "missing_lines": 21, "excluded_lines": 0, "percent_statements_covered": 0.0, "percent_statements_covered_display": "0"}, "missing_lines": [140, 141, 142, 143, 144, 145, 146, 147, 148, 149, 151, 152, 153, 154, 155, 156, 157, 158, 159, 160, 161], "excluded_lines": [], "start_line": 133}, "upload_account_template": {"executed_lines": [171, 172, 174, 175, 176, 177, 178, 179, 183, 184, 185, 186], "summary": {"covered_lines": 12, "num_statements": 16, "percent_covered": 75.0, "percent_covered_display": "75", "missing_lines": 4, "excluded_lines": 0, "percent_statements_covered": 75.0, "percent_statements_covered_display": "75"}, "missing_lines": [173, 180, 181, 182], "excluded_lines": [], "start_line": 165}, "delete_account_template": {"executed_lines": [191, 192, 194, 195, 197, 198, 199], "summary": {"covered_lines": 7, "num_statements": 9, "percent_covered": 77.77777777777777, "percent_covered_display": "78", "missing_lines": 2, "excluded_lines": 0, "percent_statements_covered": 77.77777777777777, "percent_statements_covered_display": "78"}, "missing_lines": [193, 196], "excluded_lines": [], "start_line": 190}, "delete_account": {"executed_lines": [], "summary": {"covered_lines": 0, "num_statements": 7, "percent_covered": 0.0, "percent_covered_display": "0", "missing_lines": 7, "excluded_lines": 0, "percent_statements_covered": 0.0, "percent_statements_covered_display": "0"}, "missing_lines": [204, 205, 206, 207, 208, 209, 210], "excluded_lines": [], "start_line": 203}, "create_project": {"executed_lines": [215, 216, 218, 219, 220, 221, 222, 223, 224, 225, 226], "summary": {"covered_lines": 11, "num_statements": 12, "percent_covered": 91.66666666666667, "percent_covered_display": "92", "missing_lines": 1, "excluded_lines": 0, "percent_statements_covered": 91.66666666666667, "percent_statements_covered_display": "92"}, "missing_lines": [217], "excluded_lines": [], "start_line": 214}, "list_projects": {"executed_lines": [231], "summary": {"covered_lines": 1, "num_statements": 1, "percent_covered": 100.0, "percent_covered_display": "100", "missing_lines": 0, "excluded_lines": 0, "percent_statements_covered": 100.0, "percent_statements_covered_display": "100"}, "missing_lines": [], "excluded_lines": [], "start_line": 230}, "update_project": {"executed_lines": [], "summary": {"covered_lines": 0, "num_statements": 12, "percent_covered": 0.0, "percent_covered_display": "0", "missing_lines": 12, "excluded_lines": 0, "percent_statements_covered": 0.0, "percent_statements_covered_display": "0"}, "missing_lines": [236, 237, 238, 239, 240, 241, 242, 243, 244, 245, 246, 247], "excluded_lines": [], "start_line": 235}, "delete_project": {"executed_lines": [], "summary": {"covered_lines": 0, "num_statements": 7, "percent_covered": 0.0, "percent_covered_display": "0", "missing_lines": 7, "excluded_lines": 0, "percent_statements_covered": 0.0, "percent_statements_covered_display": "0"}, "missing_lines": [252, 253, 254, 255, 256, 257, 258], "excluded_lines": [], "start_line": 251}, "allocate": {"executed_lines": [263, 266, 267, 268, 269, 270, 271, 272, 273], "summary": {"covered_lines": 9, "num_statements": 9, "percent_covered": 100.0, "percent_covered_display": "100", "missing_lines": 0, "excluded_lines": 0, "percent_statements_covered": 100.0, "percent_statements_covered_display": "100"}, "missing_lines": [], "excluded_lines": [], "start_line": 262}, "list_allocations": {"executed_lines": [], "summary": {"covered_lines": 0, "num_statements": 12, "percent_covered": 0.0, "percent_covered_display": "0", "missing_lines": 12, "excluded_lines": 0, "percent_statements_covered": 0.0, "percent_statements_covered_display": "0"}, "missing_lines": [278, 280, 281, 282, 283, 284, 285, 286, 287, 288, 289, 290], "excluded_lines": [], "start_line": 277}, "delete_allocation": {"executed_lines": [], "summary": {"covered_lines": 0, "num_statements": 10, "percent_covered": 0.0, "percent_covered_display": "0", "missing_lines": 10, "excluded_lines": 0, "percent_statements_covered": 0.0, "percent_statements_covered_display": "0"}, "missing_lines": [295, 296, 297, 300, 301, 302, 304, 305, 306, 307], "excluded_lines": [], "start_line": 294}, "submit_status": {"executed_lines": [312, 313, 314, 315, 316, 317, 318, 319, 320], "summary": {"covered_lines": 9, "num_statements": 9, "percent_covered": 100.0, "percent_covered_display": "100", "missing_lines": 0, "excluded_lines": 0, "percent_statements_covered": 100.0, "percent_statements_covered_display": "100"}, "missing_lines": [], "excluded_lines": [], "start_line": 311}, "list_statuses": {"executed_lines": [], "summary": {"covered_lines": 0, "num_statements": 1, "percent_covered": 0.0, "percent_covered_display": "0", "missing_lines": 1, "excluded_lines": 0, "percent_statements_covered": 0.0, "percent_statements_covered_display": "0"}, "missing_lines": [325], "excluded_lines": [], "start_line": 324}, "reindex": {"executed_lines": [], "summary": {"covered_lines": 0, "num_statements": 1, "percent_covered": 0.0, "percent_covered_display": "0", "missing_lines": 1, "excluded_lines": 0, "percent_statements_covered": 0.0, "percent_statements_covered_display": "0"}, "missing_lines": [330], "excluded_lines": [], "start_line": 329}, "": {"executed_lines": [1, 2, 3, 4, 5, 7, 8, 9, 10, 11, 12, 13, 14, 15, 16, 17, 25, 28, 32, 40, 46, 47, 67, 68, 77, 78, 106, 107, 111, 112, 119, 120, 132, 133, 164, 165, 189, 190, 202, 203, 213, 214, 229, 230, 234, 235, 250, 251, 261, 262, 276, 277, 293, 294, 310, 311, 323, 324, 328, 329], "summary": {"covered_lines": 60, "num_statements": 60, "percent_covered": 100.0, "percent_covered_display": "100", "missing_lines": 0, "excluded_lines": 0, "percent_statements_covered": 100.0, "percent_statements_covered_display": "100"}, "missing_lines": [], "excluded_lines": [], "start_line": 1}}, "classes": {"": {"executed_lines": [1, 2, 3, 4, 5, 7, 8, 9, 10, 11, 12, 13, 14, 15, 16, 17, 25, 28, 29, 32, 33, 34, 35, 36, 37, 40, 41, 42, 43, 46, 47, 48, 49, 67, 68, 69, 70, 71, 72, 73, 74, 77, 78, 84, 85, 86, 87, 89, 90, 106, 107, 108, 111, 112, 113, 114, 116, 119, 120, 132, 133, 164, 165, 171, 172, 174, 175, 176, 177, 178, 179, 183, 184, 185, 186, 189, 190, 191, 192, 194, 195, 197, 198, 199, 202, 203, 213, 214, 215, 216, 218, 219, 220, 221, 222, 223, 224, 225, 226, 229, 230, 231, 234, 235, 250, 251, 261, 262, 263, 266, 267, 268, 269, 270, 271, 272, 273, 276, 277, 293, 294, 310, 311, 312, 313, 314, 315, 316, 317, 318, 319, 320, 323, 324, 328, 329], "summary": {"covered_lines": 136, "num_statements": 237, "percent_covered": 57.38396624472574, "percent_covered_display": "57", "missing_lines": 101, "excluded_lines": 0, "percent_statements_covered": 57.38396624472574, "percent_statements_covered_display": "57"}, "missing_lines": [88, 92, 93, 94, 95, 96, 97, 98, 99, 100, 101, 102, 103, 115, 121, 122, 123, 124, 125, 126, 127, 128, 129, 140, 141, 142, 143, 144, 145, 146, 147, 148, 149, 151, 152, 153, 154, 155, 156, 157, 158, 159, 160, 161, 173, 180, 181, 182, 193, 196, 204, 205, 206, 207, 208, 209, 210, 217, 236, 237, 238, 239, 240, 241, 242, 243, 244, 245, 246, 247, 252, 253, 254, 255, 256, 257, 258, 278, 280, 281, 282, 283, 284, 285, 286, 287, 288, 289, 290, 295, 296, 297, 300, 301, 302, 304, 305, 306, 307, 325, 330], "excluded_lines": [], "start_line": 1}}}, "app\\api\\v1\\reports.py": {"executed_lines": [1, 2, 3, 5, 6, 7, 8, 10, 11, 12, 13, 14, 15, 16, 17, 18, 19, 25, 27, 28, 31, 32, 33, 34, 36, 37, 38, 40, 42, 44, 45, 75, 76, 77, 78, 79, 81, 83, 87, 88, 89, 90, 91, 92, 94, 95, 96, 98, 99, 123, 125, 126, 128, 129, 130, 133, 143, 144, 145, 146, 147, 150, 151, 177, 178, 181, 182, 188, 189, 190, 191, 193, 194, 195], "summary": {"covered_lines": 74, "num_statements": 134, "percent_covered": 55.223880597014926, "percent_covered_display": "55", "missing_lines": 60, "excluded_lines": 0, "percent_statements_covered": 55.223880597014926, "percent_statements_covered_display": "55"}, "missing_lines": [39, 41, 47, 48, 50, 51, 56, 57, 59, 60, 65, 66, 68, 80, 82, 85, 93, 100, 101, 102, 103, 107, 111, 112, 113, 114, 115, 121, 127, 131, 148, 152, 153, 154, 155, 156, 157, 158, 159, 160, 161, 162, 163, 164, 165, 166, 167, 168, 169, 171, 172, 173, 183, 192, 200, 201, 202, 203, 204, 206], "excluded_lines": [], "functions": {"_match_report_template": {"executed_lines": [32, 33, 34, 36, 37, 38, 40, 42, 44, 45], "summary": {"covered_lines": 10, "num_statements": 23, "percent_covered": 43.47826086956522, "percent_covered_display": "43", "missing_lines": 13, "excluded_lines": 0, "percent_statements_covered": 43.47826086956522, "percent_statements_covered_display": "43"}, "missing_lines": [39, 41, 47, 48, 50, 51, 56, 57, 59, 60, 65, 66, 68], "excluded_lines": [], "start_line": 31}, "create_report": {"executed_lines": [77, 78, 79, 81, 83, 87, 88, 89, 90, 91, 92, 94, 95, 96, 98, 99, 123, 125, 126, 128, 129, 130, 133, 143, 144, 145, 146, 147, 150, 151, 177, 178], "summary": {"covered_lines": 32, "num_statements": 71, "percent_covered": 45.070422535211264, "percent_covered_display": "45", "missing_lines": 39, "excluded_lines": 0, "percent_statements_covered": 45.070422535211264, "percent_statements_covered_display": "45"}, "missing_lines": [80, 82, 85, 93, 100, 101, 102, 103, 107, 111, 112, 113, 114, 115, 121, 127, 131, 148, 152, 153, 154, 155, 156, 157, 158, 159, 160, 161, 162, 163, 164, 165, 166, 167, 168, 169, 171, 172, 173], "excluded_lines": [], "start_line": 76}, "list_reports": {"executed_lines": [], "summary": {"covered_lines": 0, "num_statements": 1, "percent_covered": 0.0, "percent_covered_display": "0", "missing_lines": 1, "excluded_lines": 0, "percent_statements_covered": 0.0, "percent_statements_covered_display": "0"}, "missing_lines": [183], "excluded_lines": [], "start_line": 182}, "download_report": {"executed_lines": [190, 191, 193, 194, 195], "summary": {"covered_lines": 5, "num_statements": 12, "percent_covered": 41.666666666666664, "percent_covered_display": "42", "missing_lines": 7, "excluded_lines": 0, "percent_statements_covered": 41.666666666666664, "percent_statements_covered_display": "42"}, "missing_lines": [192, 200, 201, 202, 203, 204, 206], "excluded_lines": [], "start_line": 189}, "": {"executed_lines": [1, 2, 3, 5, 6, 7, 8, 10, 11, 12, 13, 14, 15, 16, 17, 18, 19, 25, 27, 28, 31, 75, 76, 181, 182, 188, 189], "summary": {"covered_lines": 27, "num_statements": 27, "percent_covered": 100.0, "percent_covered_display": "100", "missing_lines": 0, "excluded_lines": 0, "percent_statements_covered": 100.0, "percent_statements_covered_display": "100"}, "missing_lines": [], "excluded_lines": [], "start_line": 1}}, "classes": {"": {"executed_lines": [1, 2, 3, 5, 6, 7, 8, 10, 11, 12, 13, 14, 15, 16, 17, 18, 19, 25, 27, 28, 31, 32, 33, 34, 36, 37, 38, 40, 42, 44, 45, 75, 76, 77, 78, 79, 81, 83, 87, 88, 89, 90, 91, 92, 94, 95, 96, 98, 99, 123, 125, 126, 128, 129, 130, 133, 143, 144, 145, 146, 147, 150, 151, 177, 178, 181, 182, 188, 189, 190, 191, 193, 194, 195], "summary": {"covered_lines": 74, "num_statements": 134, "percent_covered": 55.223880597014926, "percent_covered_display": "55", "missing_lines": 60, "excluded_lines": 0, "percent_statements_covered": 55.223880597014926, "percent_statements_covered_display": "55"}, "missing_lines": [39, 41, 47, 48, 50, 51, 56, 57, 59, 60, 65, 66, 68, 80, 82, 85, 93, 100, 101, 102, 103, 107, 111, 112, 113, 114, 115, 121, 127, 131, 148, 152, 153, 154, 155, 156, 157, 158, 159, 160, 161, 162, 163, 164, 165, 166, 167, 168, 169, 171, 172, 173, 183, 192, 200, 201, 202, 203, 204, 206], "excluded_lines": [], "start_line": 1}}}, "app\\api\\v1\\router.py": {"executed_lines": [1, 3, 4, 5, 6, 7, 8, 9, 11, 12, 13, 14, 15, 16, 17, 18], "summary": {"covered_lines": 16, "num_statements": 16, "percent_covered": 100.0, "percent_covered_display": "100", "missing_lines": 0, "excluded_lines": 0, "percent_statements_covered": 100.0, "percent_statements_covered_display": "100"}, "missing_lines": [], "excluded_lines": [], "functions": {"": {"executed_lines": [1, 3, 4, 5, 6, 7, 8, 9, 11, 12, 13, 14, 15, 16, 17, 18], "summary": {"covered_lines": 16, "num_statements": 16, "percent_covered": 100.0, "percent_covered_display": "100", "missing_lines": 0, "excluded_lines": 0, "percent_statements_covered": 100.0, "percent_statements_covered_display": "100"}, "missing_lines": [], "excluded_lines": [], "start_line": 1}}, "classes": {"": {"executed_lines": [1, 3, 4, 5, 6, 7, 8, 9, 11, 12, 13, 14, 15, 16, 17, 18], "summary": {"covered_lines": 16, "num_statements": 16, "percent_covered": 100.0, "percent_covered_display": "100", "missing_lines": 0, "excluded_lines": 0, "percent_statements_covered": 100.0, "percent_statements_covered_display": "100"}, "missing_lines": [], "excluded_lines": [], "start_line": 1}}}, "app\\api\\v1\\tasks.py": {"executed_lines": [1, 3, 4, 5, 7, 8, 9, 10, 11, 12, 13, 15, 18, 24, 25, 26, 27, 28, 29, 30, 31, 34, 47, 57, 70, 78, 79, 85, 86, 88, 90, 93, 94, 121, 122, 148, 149, 160, 161, 180, 181, 209, 210, 220, 221, 230, 231], "summary": {"covered_lines": 47, "num_statements": 166, "percent_covered": 28.313253012048193, "percent_covered_display": "28", "missing_lines": 119, "excluded_lines": 0, "percent_statements_covered": 28.313253012048193, "percent_statements_covered_display": "28"}, "missing_lines": [19, 20, 21, 35, 36, 37, 38, 39, 40, 41, 42, 43, 44, 48, 58, 59, 60, 61, 62, 63, 64, 65, 66, 67, 71, 72, 73, 74, 75, 87, 89, 99, 100, 101, 102, 103, 104, 106, 112, 113, 114, 115, 116, 117, 118, 128, 129, 130, 131, 132, 133, 134, 135, 136, 137, 138, 139, 140, 141, 142, 143, 144, 145, 155, 156, 157, 167, 168, 169, 170, 171, 172, 173, 174, 175, 176, 177, 187, 188, 189, 190, 191, 192, 193, 194, 195, 196, 197, 198, 199, 200, 201, 202, 203, 204, 205, 206, 211, 212, 213, 214, 215, 216, 217, 222, 223, 224, 225, 226, 227, 237, 238, 239, 240, 241, 242, 243, 244, 245], "excluded_lines": [], "functions": {"_labels_to_text": {"executed_lines": [], "summary": {"covered_lines": 0, "num_statements": 3, "percent_covered": 0.0, "percent_covered_display": "0", "missing_lines": 3, "excluded_lines": 0, "percent_statements_covered": 0.0, "percent_statements_covered_display": "0"}, "missing_lines": [19, 20, 21], "excluded_lines": [], "start_line": 18}, "_hydrate_task": {"executed_lines": [25, 26, 27, 28, 29, 30, 31], "summary": {"covered_lines": 7, "num_statements": 7, "percent_covered": 100.0, "percent_covered_display": "100", "missing_lines": 0, "excluded_lines": 0, "percent_statements_covered": 100.0, "percent_statements_covered_display": "100"}, "missing_lines": [], "excluded_lines": [], "start_line": 24}, "_sync_assignments": {"executed_lines": [], "summary": {"covered_lines": 0, "num_statements": 10, "percent_covered": 0.0, "percent_covered_display": "0", "missing_lines": 10, "excluded_lines": 0, "percent_statements_covered": 0.0, "percent_statements_covered_display": "0"}, "missing_lines": [35, 36, 37, 38, 39, 40, 41, 42, 43, 44], "excluded_lines": [], "start_line": 34}, "_project_allocation": {"executed_lines": [], "summary": {"covered_lines": 0, "num_statements": 1, "percent_covered": 0.0, "percent_covered_display": "0", "missing_lines": 1, "excluded_lines": 0, "percent_statements_covered": 0.0, "percent_statements_covered_display": "0"}, "missing_lines": [48], "excluded_lines": [], "start_line": 47}, "_ensure_task_authority": {"executed_lines": [], "summary": {"covered_lines": 0, "num_statements": 10, "percent_covered": 0.0, "percent_covered_display": "0", "missing_lines": 10, "excluded_lines": 0, "percent_statements_covered": 0.0, "percent_statements_covered_display": "0"}, "missing_lines": [58, 59, 60, 61, 62, 63, 64, 65, 66, 67], "excluded_lines": [], "start_line": 57}, "_ensure_assignees_are_project_team": {"executed_lines": [], "summary": {"covered_lines": 0, "num_statements": 5, "percent_covered": 0.0, "percent_covered_display": "0", "missing_lines": 5, "excluded_lines": 0, "percent_statements_covered": 0.0, "percent_statements_covered_display": "0"}, "missing_lines": [71, 72, 73, 74, 75], "excluded_lines": [], "start_line": 70}, "list_tasks": {"executed_lines": [85, 86, 88, 90], "summary": {"covered_lines": 4, "num_statements": 6, "percent_covered": 66.66666666666667, "percent_covered_display": "67", "missing_lines": 2, "excluded_lines": 0, "percent_statements_covered": 66.66666666666667, "percent_statements_covered_display": "67"}, "missing_lines": [87, 89], "excluded_lines": [], "start_line": 79}, "create_task": {"executed_lines": [], "summary": {"covered_lines": 0, "num_statements": 14, "percent_covered": 0.0, "percent_covered_display": "0", "missing_lines": 14, "excluded_lines": 0, "percent_statements_covered": 0.0, "percent_statements_covered_display": "0"}, "missing_lines": [99, 100, 101, 102, 103, 104, 106, 112, 113, 114, 115, 116, 117, 118], "excluded_lines": [], "start_line": 94}, "update_task": {"executed_lines": [], "summary": {"covered_lines": 0, "num_statements": 18, "percent_covered": 0.0, "percent_covered_display": "0", "missing_lines": 18, "excluded_lines": 0, "percent_statements_covered": 0.0, "percent_statements_covered_display": "0"}, "missing_lines": [128, 129, 130, 131, 132, 133, 134, 135, 136, 137, 138, 139, 140, 141, 142, 143, 144, 145], "excluded_lines": [], "start_line": 122}, "update_task_status": {"executed_lines": [], "summary": {"covered_lines": 0, "num_statements": 3, "percent_covered": 0.0, "percent_covered_display": "0", "missing_lines": 3, "excluded_lines": 0, "percent_statements_covered": 0.0, "percent_statements_covered_display": "0"}, "missing_lines": [155, 156, 157], "excluded_lines": [], "start_line": 149}, "submit_for_review": {"executed_lines": [], "summary": {"covered_lines": 0, "num_statements": 11, "percent_covered": 0.0, "percent_covered_display": "0", "missing_lines": 11, "excluded_lines": 0, "percent_statements_covered": 0.0, "percent_statements_covered_display": "0"}, "missing_lines": [167, 168, 169, 170, 171, 172, 173, 174, 175, 176, 177], "excluded_lines": [], "start_line": 161}, "task_approval": {"executed_lines": [], "summary": {"covered_lines": 0, "num_statements": 20, "percent_covered": 0.0, "percent_covered_display": "0", "missing_lines": 20, "excluded_lines": 0, "percent_statements_covered": 0.0, "percent_statements_covered_display": "0"}, "missing_lines": [187, 188, 189, 190, 191, 192, 193, 194, 195, 196, 197, 198, 199, 200, 201, 202, 203, 204, 205, 206], "excluded_lines": [], "start_line": 181}, "delete_task": {"executed_lines": [], "summary": {"covered_lines": 0, "num_statements": 7, "percent_covered": 0.0, "percent_covered_display": "0", "missing_lines": 7, "excluded_lines": 0, "percent_statements_covered": 0.0, "percent_statements_covered_display": "0"}, "missing_lines": [211, 212, 213, 214, 215, 216, 217], "excluded_lines": [], "start_line": 210}, "list_comments": {"executed_lines": [], "summary": {"covered_lines": 0, "num_statements": 6, "percent_covered": 0.0, "percent_covered_display": "0", "missing_lines": 6, "excluded_lines": 0, "percent_statements_covered": 0.0, "percent_statements_covered_display": "0"}, "missing_lines": [222, 223, 224, 225, 226, 227], "excluded_lines": [], "start_line": 221}, "add_comment": {"executed_lines": [], "summary": {"covered_lines": 0, "num_statements": 9, "percent_covered": 0.0, "percent_covered_display": "0", "missing_lines": 9, "excluded_lines": 0, "percent_statements_covered": 0.0, "percent_statements_covered_display": "0"}, "missing_lines": [237, 238, 239, 240, 241, 242, 243, 244, 245], "excluded_lines": [], "start_line": 231}, "": {"executed_lines": [1, 3, 4, 5, 7, 8, 9, 10, 11, 12, 13, 15, 18, 24, 34, 47, 57, 70, 78, 79, 93, 94, 121, 122, 148, 149, 160, 161, 180, 181, 209, 210, 220, 221, 230, 231], "summary": {"covered_lines": 36, "num_statements": 36, "percent_covered": 100.0, "percent_covered_display": "100", "missing_lines": 0, "excluded_lines": 0, "percent_statements_covered": 100.0, "percent_statements_covered_display": "100"}, "missing_lines": [], "excluded_lines": [], "start_line": 1}}, "classes": {"": {"executed_lines": [1, 3, 4, 5, 7, 8, 9, 10, 11, 12, 13, 15, 18, 24, 25, 26, 27, 28, 29, 30, 31, 34, 47, 57, 70, 78, 79, 85, 86, 88, 90, 93, 94, 121, 122, 148, 149, 160, 161, 180, 181, 209, 210, 220, 221, 230, 231], "summary": {"covered_lines": 47, "num_statements": 166, "percent_covered": 28.313253012048193, "percent_covered_display": "28", "missing_lines": 119, "excluded_lines": 0, "percent_statements_covered": 28.313253012048193, "percent_statements_covered_display": "28"}, "missing_lines": [19, 20, 21, 35, 36, 37, 38, 39, 40, 41, 42, 43, 44, 48, 58, 59, 60, 61, 62, 63, 64, 65, 66, 67, 71, 72, 73, 74, 75, 87, 89, 99, 100, 101, 102, 103, 104, 106, 112, 113, 114, 115, 116, 117, 118, 128, 129, 130, 131, 132, 133, 134, 135, 136, 137, 138, 139, 140, 141, 142, 143, 144, 145, 155, 156, 157, 167, 168, 169, 170, 171, 172, 173, 174, 175, 176, 177, 187, 188, 189, 190, 191, 192, 193, 194, 195, 196, 197, 198, 199, 200, 201, 202, 203, 204, 205, 206, 211, 212, 213, 214, 215, 216, 217, 222, 223, 224, 225, 226, 227, 237, 238, 239, 240, 241, 242, 243, 244, 245], "excluded_lines": [], "start_line": 1}}}, "app\\core\\__init__.py": {"executed_lines": [], "summary": {"covered_lines": 0, "num_statements": 0, "percent_covered": 100.0, "percent_covered_display": "100", "missing_lines": 0, "excluded_lines": 0, "percent_statements_covered": 100.0, "percent_statements_covered_display": "100"}, "missing_lines": [], "excluded_lines": [], "functions": {"": {"executed_lines": [], "summary": {"covered_lines": 0, "num_statements": 0, "percent_covered": 100.0, "percent_covered_display": "100", "missing_lines": 0, "excluded_lines": 0, "percent_statements_covered": 100.0, "percent_statements_covered_display": "100"}, "missing_lines": [], "excluded_lines": [], "start_line": 1}}, "classes": {"": {"executed_lines": [], "summary": {"covered_lines": 0, "num_statements": 0, "percent_covered": 100.0, "percent_covered_display": "100", "missing_lines": 0, "excluded_lines": 0, "percent_statements_covered": 100.0, "percent_statements_covered_display": "100"}, "missing_lines": [], "excluded_lines": [], "start_line": 1}}}, "app\\core\\config.py": {"executed_lines": [1, 2, 3, 4, 6, 7, 8, 11, 12, 13, 14, 15, 16, 17, 18, 22, 23, 31, 32, 34, 35, 36, 37, 38, 40, 45, 46, 47, 48, 49, 50, 51, 52, 56, 60, 65, 70, 79, 80, 82, 83, 85, 86, 87, 88, 92, 93, 97, 98, 100, 101, 102, 104, 106, 107, 108, 109, 110, 111, 113, 114, 115, 118, 120, 121, 122, 123, 124, 125, 126, 127, 128, 133, 134, 138, 139, 140, 141, 152, 154, 155, 156, 157, 158, 161, 163, 164, 165, 166, 167, 169, 170, 172, 173, 174, 175, 176, 178, 179, 180, 184, 186, 187, 188, 189, 190, 191, 195, 196, 197, 199, 212, 213, 215, 217, 218, 219, 221, 222, 223, 224, 225, 227, 228, 229, 230, 231, 234, 235, 236], "summary": {"covered_lines": 130, "num_statements": 139, "percent_covered": 93.5251798561151, "percent_covered_display": "94", "missing_lines": 9, "excluded_lines": 0, "percent_statements_covered": 93.5251798561151, "percent_statements_covered_display": "94"}, "missing_lines": [19, 116, 130, 131, 135, 136, 160, 192, 193], "excluded_lines": [], "functions": {"resolve_app_path": {"executed_lines": [14, 15, 16, 17, 18], "summary": {"covered_lines": 5, "num_statements": 6, "percent_covered": 83.33333333333333, "percent_covered_display": "83", "missing_lines": 1, "excluded_lines": 0, "percent_statements_covered": 83.33333333333333, "percent_statements_covered_display": "83"}, "missing_lines": [19], "excluded_lines": [], "start_line": 13}, "Settings.__init__": {"executed_lines": [32], "summary": {"covered_lines": 1, "num_statements": 1, "percent_covered": 100.0, "percent_covered_display": "100", "missing_lines": 0, "excluded_lines": 0, "percent_statements_covered": 100.0, "percent_statements_covered_display": "100"}, "missing_lines": [], "excluded_lines": [], "start_line": 31}, "Settings.normalize_database_url": {"executed_lines": [115, 118, 120, 121, 122, 123, 124, 125, 126, 127, 128, 133, 134, 138, 139, 140, 141, 152, 154, 155, 156, 157, 158, 161], "summary": {"covered_lines": 24, "num_statements": 30, "percent_covered": 80.0, "percent_covered_display": "80", "missing_lines": 6, "excluded_lines": 0, "percent_statements_covered": 80.0, "percent_statements_covered_display": "80"}, "missing_lines": [116, 130, 131, 135, 136, 160], "excluded_lines": [], "start_line": 114}, "Settings.resolve_database_url": {"executed_lines": [165, 166, 167, 169, 170, 172, 173, 174, 175, 176, 178, 179, 180, 184], "summary": {"covered_lines": 14, "num_statements": 14, "percent_covered": 100.0, "percent_covered_display": "100", "missing_lines": 0, "excluded_lines": 0, "percent_statements_covered": 100.0, "percent_statements_covered_display": "100"}, "missing_lines": [], "excluded_lines": [], "start_line": 164}, "Settings.get_database_diagnostics": {"executed_lines": [187, 188, 189, 190, 191, 195, 196, 197, 199, 212, 213, 215], "summary": {"covered_lines": 12, "num_statements": 14, "percent_covered": 85.71428571428571, "percent_covered_display": "86", "missing_lines": 2, "excluded_lines": 0, "percent_statements_covered": 85.71428571428571, "percent_statements_covered_display": "86"}, "missing_lines": [192, 193], "excluded_lines": [], "start_line": 186}, "Settings.cors_origins": {"executed_lines": [219], "summary": {"covered_lines": 1, "num_statements": 1, "percent_covered": 100.0, "percent_covered_display": "100", "missing_lines": 0, "excluded_lines": 0, "percent_statements_covered": 100.0, "percent_statements_covered_display": "100"}, "missing_lines": [], "excluded_lines": [], "start_line": 218}, "Settings.report_dir": {"executed_lines": [223, 224, 225], "summary": {"covered_lines": 3, "num_statements": 3, "percent_covered": 100.0, "percent_covered_display": "100", "missing_lines": 0, "excluded_lines": 0, "percent_statements_covered": 100.0, "percent_statements_covered_display": "100"}, "missing_lines": [], "excluded_lines": [], "start_line": 222}, "Settings.templates_dir": {"executed_lines": [229, 230, 231], "summary": {"covered_lines": 3, "num_statements": 3, "percent_covered": 100.0, "percent_covered_display": "100", "missing_lines": 0, "excluded_lines": 0, "percent_statements_covered": 100.0, "percent_statements_covered_display": "100"}, "missing_lines": [], "excluded_lines": [], "start_line": 228}, "get_settings": {"executed_lines": [236], "summary": {"covered_lines": 1, "num_statements": 1, "percent_covered": 100.0, "percent_covered_display": "100", "missing_lines": 0, "excluded_lines": 0, "percent_statements_covered": 100.0, "percent_statements_covered_display": "100"}, "missing_lines": [], "excluded_lines": [], "start_line": 235}, "": {"executed_lines": [1, 2, 3, 4, 6, 7, 8, 11, 12, 13, 22, 23, 31, 34, 35, 36, 37, 38, 40, 45, 46, 47, 48, 49, 50, 51, 52, 56, 60, 65, 70, 79, 80, 82, 83, 85, 86, 87, 88, 92, 93, 97, 98, 100, 101, 102, 104, 106, 107, 108, 109, 110, 111, 113, 114, 163, 164, 186, 217, 218, 221, 222, 227, 228, 234, 235], "summary": {"covered_lines": 66, "num_statements": 66, "percent_covered": 100.0, "percent_covered_display": "100", "missing_lines": 0, "excluded_lines": 0, "percent_statements_covered": 100.0, "percent_statements_covered_display": "100"}, "missing_lines": [], "excluded_lines": [], "start_line": 1}}, "classes": {"Settings": {"executed_lines": [32, 115, 118, 120, 121, 122, 123, 124, 125, 126, 127, 128, 133, 134, 138, 139, 140, 141, 152, 154, 155, 156, 157, 158, 161, 165, 166, 167, 169, 170, 172, 173, 174, 175, 176, 178, 179, 180, 184, 187, 188, 189, 190, 191, 195, 196, 197, 199, 212, 213, 215, 219, 223, 224, 225, 229, 230, 231], "summary": {"covered_lines": 58, "num_statements": 66, "percent_covered": 87.87878787878788, "percent_covered_display": "88", "missing_lines": 8, "excluded_lines": 0, "percent_statements_covered": 87.87878787878788, "percent_statements_covered_display": "88"}, "missing_lines": [116, 130, 131, 135, 136, 160, 192, 193], "excluded_lines": [], "start_line": 22}, "": {"executed_lines": [1, 2, 3, 4, 6, 7, 8, 11, 12, 13, 14, 15, 16, 17, 18, 22, 23, 31, 34, 35, 36, 37, 38, 40, 45, 46, 47, 48, 49, 50, 51, 52, 56, 60, 65, 70, 79, 80, 82, 83, 85, 86, 87, 88, 92, 93, 97, 98, 100, 101, 102, 104, 106, 107, 108, 109, 110, 111, 113, 114, 163, 164, 186, 217, 218, 221, 222, 227, 228, 234, 235, 236], "summary": {"covered_lines": 72, "num_statements": 73, "percent_covered": 98.63013698630137, "percent_covered_display": "99", "missing_lines": 1, "excluded_lines": 0, "percent_statements_covered": 98.63013698630137, "percent_statements_covered_display": "99"}, "missing_lines": [19], "excluded_lines": [], "start_line": 1}}}, "app\\core\\security.py": {"executed_lines": [1, 2, 3, 4, 6, 7, 8, 9, 10, 12, 13, 14, 16, 17, 18, 19, 22, 23, 26, 27, 30, 31, 32, 33, 34, 37, 38, 39, 40, 42, 43, 44, 46, 47, 48, 50, 53, 54, 55, 56, 57, 61, 65, 68, 78, 87, 88, 89, 90, 91, 93], "summary": {"covered_lines": 51, "num_statements": 65, "percent_covered": 78.46153846153847, "percent_covered_display": "78", "missing_lines": 14, "excluded_lines": 0, "percent_statements_covered": 78.46153846153847, "percent_statements_covered_display": "78"}, "missing_lines": [41, 45, 49, 58, 59, 60, 62, 63, 64, 79, 80, 81, 82, 84], "excluded_lines": [], "functions": {"hash_password": {"executed_lines": [23], "summary": {"covered_lines": 1, "num_statements": 1, "percent_covered": 100.0, "percent_covered_display": "100", "missing_lines": 0, "excluded_lines": 0, "percent_statements_covered": 100.0, "percent_statements_covered_display": "100"}, "missing_lines": [], "excluded_lines": [], "start_line": 22}, "verify_password": {"executed_lines": [27], "summary": {"covered_lines": 1, "num_statements": 1, "percent_covered": 100.0, "percent_covered_display": "100", "missing_lines": 0, "excluded_lines": 0, "percent_statements_covered": 100.0, "percent_statements_covered_display": "100"}, "missing_lines": [], "excluded_lines": [], "start_line": 26}, "create_access_token": {"executed_lines": [31, 32, 33, 34], "summary": {"covered_lines": 4, "num_statements": 4, "percent_covered": 100.0, "percent_covered_display": "100", "missing_lines": 0, "excluded_lines": 0, "percent_statements_covered": 100.0, "percent_statements_covered_display": "100"}, "missing_lines": [], "excluded_lines": [], "start_line": 30}, "decode_token": {"executed_lines": [38, 39, 40, 42, 43, 44, 46, 47, 48, 50], "summary": {"covered_lines": 10, "num_statements": 13, "percent_covered": 76.92307692307692, "percent_covered_display": "77", "missing_lines": 3, "excluded_lines": 0, "percent_statements_covered": 76.92307692307692, "percent_statements_covered_display": "77"}, "missing_lines": [41, 45, 49], "excluded_lines": [], "start_line": 37}, "get_current_user": {"executed_lines": [54, 55, 56, 57, 61, 65], "summary": {"covered_lines": 6, "num_statements": 12, "percent_covered": 50.0, "percent_covered_display": "50", "missing_lines": 6, "excluded_lines": 0, "percent_statements_covered": 50.0, "percent_statements_covered_display": "50"}, "missing_lines": [58, 59, 60, 62, 63, 64], "excluded_lines": [], "start_line": 53}, "require_roles": {"executed_lines": [], "summary": {"covered_lines": 0, "num_statements": 2, "percent_covered": 0.0, "percent_covered_display": "0", "missing_lines": 2, "excluded_lines": 0, "percent_statements_covered": 0.0, "percent_statements_covered_display": "0"}, "missing_lines": [79, 84], "excluded_lines": [], "start_line": 78}, "require_roles.dependency": {"executed_lines": [], "summary": {"covered_lines": 0, "num_statements": 3, "percent_covered": 0.0, "percent_covered_display": "0", "missing_lines": 3, "excluded_lines": 0, "percent_statements_covered": 0.0, "percent_statements_covered_display": "0"}, "missing_lines": [80, 81, 82], "excluded_lines": [], "start_line": 79}, "require_min_role": {"executed_lines": [88, 93], "summary": {"covered_lines": 2, "num_statements": 2, "percent_covered": 100.0, "percent_covered_display": "100", "missing_lines": 0, "excluded_lines": 0, "percent_statements_covered": 100.0, "percent_statements_covered_display": "100"}, "missing_lines": [], "excluded_lines": [], "start_line": 87}, "require_min_role.dependency": {"executed_lines": [89, 90, 91], "summary": {"covered_lines": 3, "num_statements": 3, "percent_covered": 100.0, "percent_covered_display": "100", "missing_lines": 0, "excluded_lines": 0, "percent_statements_covered": 100.0, "percent_statements_covered_display": "100"}, "missing_lines": [], "excluded_lines": [], "start_line": 88}, "": {"executed_lines": [1, 2, 3, 4, 6, 7, 8, 9, 10, 12, 13, 14, 16, 17, 18, 19, 22, 26, 30, 37, 53, 68, 78, 87], "summary": {"covered_lines": 24, "num_statements": 24, "percent_covered": 100.0, "percent_covered_display": "100", "missing_lines": 0, "excluded_lines": 0, "percent_statements_covered": 100.0, "percent_statements_covered_display": "100"}, "missing_lines": [], "excluded_lines": [], "start_line": 1}}, "classes": {"": {"executed_lines": [1, 2, 3, 4, 6, 7, 8, 9, 10, 12, 13, 14, 16, 17, 18, 19, 22, 23, 26, 27, 30, 31, 32, 33, 34, 37, 38, 39, 40, 42, 43, 44, 46, 47, 48, 50, 53, 54, 55, 56, 57, 61, 65, 68, 78, 87, 88, 89, 90, 91, 93], "summary": {"covered_lines": 51, "num_statements": 65, "percent_covered": 78.46153846153847, "percent_covered_display": "78", "missing_lines": 14, "excluded_lines": 0, "percent_statements_covered": 78.46153846153847, "percent_statements_covered_display": "78"}, "missing_lines": [41, 45, 49, 58, 59, 60, 62, 63, 64, 79, 80, 81, 82, 84], "excluded_lines": [], "start_line": 1}}}, "app\\db\\__init__.py": {"executed_lines": [], "summary": {"covered_lines": 0, "num_statements": 0, "percent_covered": 100.0, "percent_covered_display": "100", "missing_lines": 0, "excluded_lines": 0, "percent_statements_covered": 100.0, "percent_statements_covered_display": "100"}, "missing_lines": [], "excluded_lines": [], "functions": {"": {"executed_lines": [], "summary": {"covered_lines": 0, "num_statements": 0, "percent_covered": 100.0, "percent_covered_display": "100", "missing_lines": 0, "excluded_lines": 0, "percent_statements_covered": 100.0, "percent_statements_covered_display": "100"}, "missing_lines": [], "excluded_lines": [], "start_line": 1}}, "classes": {"": {"executed_lines": [], "summary": {"covered_lines": 0, "num_statements": 0, "percent_covered": 100.0, "percent_covered_display": "100", "missing_lines": 0, "excluded_lines": 0, "percent_statements_covered": 100.0, "percent_statements_covered_display": "100"}, "missing_lines": [], "excluded_lines": [], "start_line": 1}}}, "app\\db\\schema.py": {"executed_lines": [1, 3, 6, 42, 79, 80, 81, 82, 83, 85, 86, 87, 89, 90, 91], "summary": {"covered_lines": 15, "num_statements": 17, "percent_covered": 88.23529411764706, "percent_covered_display": "88", "missing_lines": 2, "excluded_lines": 0, "percent_statements_covered": 88.23529411764706, "percent_statements_covered_display": "88"}, "missing_lines": [88, 92], "excluded_lines": [], "functions": {"ensure_schema_upgrades": {"executed_lines": [80, 81, 82, 83, 85, 86, 87, 89, 90, 91], "summary": {"covered_lines": 10, "num_statements": 12, "percent_covered": 83.33333333333333, "percent_covered_display": "83", "missing_lines": 2, "excluded_lines": 0, "percent_statements_covered": 83.33333333333333, "percent_statements_covered_display": "83"}, "missing_lines": [88, 92], "excluded_lines": [], "start_line": 79}, "": {"executed_lines": [1, 3, 6, 42, 79], "summary": {"covered_lines": 5, "num_statements": 5, "percent_covered": 100.0, "percent_covered_display": "100", "missing_lines": 0, "excluded_lines": 0, "percent_statements_covered": 100.0, "percent_statements_covered_display": "100"}, "missing_lines": [], "excluded_lines": [], "start_line": 1}}, "classes": {"": {"executed_lines": [1, 3, 6, 42, 79, 80, 81, 82, 83, 85, 86, 87, 89, 90, 91], "summary": {"covered_lines": 15, "num_statements": 17, "percent_covered": 88.23529411764706, "percent_covered_display": "88", "missing_lines": 2, "excluded_lines": 0, "percent_statements_covered": 88.23529411764706, "percent_statements_covered_display": "88"}, "missing_lines": [88, 92], "excluded_lines": [], "start_line": 1}}}, "app\\db\\seed.py": {"executed_lines": [1, 2, 4, 5, 6, 7, 8, 10, 11, 12, 13, 14, 15, 16, 17, 18, 19, 20, 23, 26, 27, 28, 29, 30, 31, 32, 33, 36, 37, 38, 39, 40, 41, 42, 43, 46, 47, 48, 49, 50, 51, 52, 53, 56, 57, 61, 62, 65, 66, 67, 68, 69, 70, 71, 72, 73, 74, 75, 78, 79, 84, 85, 88, 89, 90, 91, 92, 102, 103, 104, 107, 108, 109, 110, 122, 123, 128, 129, 141, 219, 220, 221, 222, 225, 226, 227, 228, 229, 230, 231, 232, 233, 234, 235, 236, 237, 239, 240, 241, 242, 244, 245, 246, 247, 248, 249, 250, 251, 252, 253, 255, 262, 264, 265, 267, 282, 297, 312, 327, 343, 344, 347, 348, 349, 350, 356, 369, 370, 371, 373, 378, 379, 380, 385, 387, 388, 390, 391, 392, 393, 395, 415, 416, 417, 418, 419, 420, 422, 423, 425, 426, 428, 431], "summary": {"covered_lines": 153, "num_statements": 222, "percent_covered": 68.91891891891892, "percent_covered_display": "69", "missing_lines": 69, "excluded_lines": 0, "percent_statements_covered": 68.91891891891892, "percent_s
[...]
missing_lines": [], "excluded_lines": [], "start_line": 1}}, "classes": {"": {"executed_lines": [1, 3, 6, 7], "summary": {"covered_lines": 4, "num_statements": 4, "percent_covered": 100.0, "percent_covered_display": "100", "missing_lines": 0, "excluded_lines": 0, "percent_statements_covered": 100.0, "percent_statements_covered_display": "100"}, "missing_lines": [], "excluded_lines": [], "start_line": 1}}}, "app\\services\\email.py": {"executed_lines": [1, 2, 3, 4, 6, 7, 9, 10, 11, 14, 26, 27, 28, 31, 35, 36, 37, 38, 39, 40, 41, 42, 43, 44, 45, 46, 47, 48, 51, 52, 53, 54, 55, 56, 57, 58, 59, 60, 61, 62, 64, 65, 66, 67, 68, 69, 70, 71, 72, 73, 74, 75, 76, 77, 78, 81, 82, 83, 89, 100], "summary": {"covered_lines": 60, "num_statements": 68, "percent_covered": 88.23529411764706, "percent_covered_display": "88", "missing_lines": 8, "excluded_lines": 0, "percent_statements_covered": 88.23529411764706, "percent_statements_covered_display": "88"}, "missing_lines": [32, 63, 90, 95, 96, 97, 98, 99], "excluded_lines": [], "functions": {"smtp_is_configured": {"executed_lines": [27, 28], "summary": {"covered_lines": 2, "num_statements": 2, "percent_covered": 100.0, "percent_covered_display": "100", "missing_lines": 0, "excluded_lines": 0, "percent_statements_covered": 100.0, "percent_statements_covered_display": "100"}, "missing_lines": [], "excluded_lines": [], "start_line": 26}, "template_names": {"executed_lines": [], "summary": {"covered_lines": 0, "num_statements": 1, "percent_covered": 0.0, "percent_covered_display": "0", "missing_lines": 1, "excluded_lines": 0, "percent_statements_covered": 0.0, "percent_statements_covered_display": "0"}, "missing_lines": [32], "excluded_lines": [], "start_line": 31}, "render_template": {"executed_lines": [36, 37, 38, 39, 40, 41, 42, 43, 44, 45, 46, 47, 48], "summary": {"covered_lines": 13, "num_statements": 13, "percent_covered": 100.0, "percent_covered_display": "100", "missing_lines": 0, "excluded_lines": 0, "percent_statements_covered": 100.0, "percent_statements_covered_display": "100"}, "missing_lines": [], "excluded_lines": [], "start_line": 35}, "send_email_record": {"executed_lines": [52, 53, 54, 55, 56, 57, 58, 59, 60, 61, 62, 64, 65, 66, 67, 68, 69, 70, 71, 72, 73, 74, 75, 76, 77, 78], "summary": {"covered_lines": 26, "num_statements": 27, "percent_covered": 96.29629629629629, "percent_covered_display": "96", "missing_lines": 1, "excluded_lines": 0, "percent_statements_covered": 96.29629629629629, "percent_statements_covered_display": "96"}, "missing_lines": [63], "excluded_lines": [], "start_line": 51}, "dispatch_due_scheduled_emails": {"executed_lines": [82, 83, 89, 100], "summary": {"covered_lines": 4, "num_statements": 10, "percent_covered": 40.0, "percent_covered_display": "40", "missing_lines": 6, "excluded_lines": 0, "percent_statements_covered": 40.0, "percent_statements_covered_display": "40"}, "missing_lines": [90, 95, 96, 97, 98, 99], "excluded_lines": [], "start_line": 81}, "": {"executed_lines": [1, 2, 3, 4, 6, 7, 9, 10, 11, 14, 26, 31, 35, 51, 81], "summary": {"covered_lines": 15, "num_statements": 15, "percent_covered": 100.0, "percent_covered_display": "100", "missing_lines": 0, "excluded_lines": 0, "percent_statements_covered": 100.0, "percent_statements_covered_display": "100"}, "missing_lines": [], "excluded_lines": [], "start_line": 1}}, "classes": {"": {"executed_lines": [1, 2, 3, 4, 6, 7, 9, 10, 11, 14, 26, 27, 28, 31, 35, 36, 37, 38, 39, 40, 41, 42, 43, 44, 45, 46, 47, 48, 51, 52, 53, 54, 55, 56, 57, 58, 59, 60, 61, 62, 64, 65, 66, 67, 68, 69, 70, 71, 72, 73, 74, 75, 76, 77, 78, 81, 82, 83, 89, 100], "summary": {"covered_lines": 60, "num_statements": 68, "percent_covered": 88.23529411764706, "percent_covered_display": "88", "missing_lines": 8, "excluded_lines": 0, "percent_statements_covered": 88.23529411764706, "percent_statements_covered_display": "88"}, "missing_lines": [32, 63, 90, 95, 96, 97, 98, 99], "excluded_lines": [], "start_line": 1}}}, "app\\services\\llm.py": {"executed_lines": [1, 2, 4, 5, 7, 8, 10, 13, 14, 15, 16, 17, 18, 19, 22, 23, 24, 32, 33, 34, 35, 36, 41, 55, 56, 57], "summary": {"covered_lines": 26, "num_statements": 57, "percent_covered": 45.6140350877193, "percent_covered_display": "46", "missing_lines": 31, "excluded_lines": 0, "percent_statements_covered": 45.6140350877193, "percent_statements_covered_display": "46"}, "missing_lines": [37, 38, 42, 58, 60, 61, 62, 64, 65, 66, 67, 68, 70, 71, 72, 73, 74, 76, 77, 78, 79, 80, 82, 83, 84, 85, 86, 87, 88, 89, 93], "excluded_lines": [], "functions": {"available_providers": {"executed_lines": [23, 24], "summary": {"covered_lines": 2, "num_statements": 2, "percent_covered": 100.0, "percent_covered_display": "100", "missing_lines": 0, "excluded_lines": 0, "percent_statements_covered": 100.0, "percent_statements_covered_display": "100"}, "missing_lines": [], "excluded_lines": [], "start_line": 22}, "require_provider": {"executed_lines": [33, 34, 35, 36], "summary": {"covered_lines": 4, "num_statements": 6, "percent_covered": 66.66666666666667, "percent_covered_display": "67", "missing_lines": 2, "excluded_lines": 0, "percent_statements_covered": 66.66666666666667, "percent_statements_covered_display": "67"}, "missing_lines": [37, 38], "excluded_lines": [], "start_line": 32}, "_messages": {"executed_lines": [], "summary": {"covered_lines": 0, "num_statements": 1, "percent_covered": 0.0, "percent_covered_display": "0", "missing_lines": 1, "excluded_lines": 0, "percent_statements_covered": 0.0, "percent_statements_covered_display": "0"}, "missing_lines": [42], "excluded_lines": [], "start_line": 41}, "generate_text": {"executed_lines": [56, 57], "summary": {"covered_lines": 2, "num_statements": 30, "percent_covered": 6.666666666666667, "percent_covered_display": "7", "missing_lines": 28, "excluded_lines": 0, "percent_statements_covered": 6.666666666666667, "percent_statements_covered_display": "7"}, "missing_lines": [58, 60, 61, 62, 64, 65, 66, 67, 68, 70, 71, 72, 73, 74, 76, 77, 78, 79, 80, 82, 83, 84, 85, 86, 87, 88, 89, 93], "excluded_lines": [], "start_line": 55}, "": {"executed_lines": [1, 2, 4, 5, 7, 8, 10, 13, 14, 15, 16, 17, 18, 19, 22, 32, 41, 55], "summary": {"covered_lines": 18, "num_statements": 18, "percent_covered": 100.0, "percent_covered_display": "100", "missing_lines": 0, "excluded_lines": 0, "percent_statements_covered": 100.0, "percent_statements_covered_display": "100"}, "missing_lines": [], "excluded_lines": [], "start_line": 1}}, "classes": {"LLMProvider": {"executed_lines": [], "summary": {"covered_lines": 0, "num_statements": 0, "percent_covered": 100.0, "percent_covered_display": "100", "missing_lines": 0, "excluded_lines": 0, "percent_statements_covered": 100.0, "percent_statements_covered_display": "100"}, "missing_lines": [], "excluded_lines": [], "start_line": 14}, "": {"executed_lines": [1, 2, 4, 5, 7, 8, 10, 13, 14, 15, 16, 17, 18, 19, 22, 23, 24, 32, 33, 34, 35, 36, 41, 55, 56, 57], "summary": {"covered_lines": 26, "num_statements": 57, "percent_covered": 45.6140350877193, "percent_covered_display": "46", "missing_lines": 31, "excluded_lines": 0, "percent_statements_covered": 45.6140350877193, "percent_statements_covered_display": "46"}, "missing_lines": [37, 38, 42, 58, 60, 61, 62, 64, 65, 66, 67, 68, 70, 71, 72, 73, 74, 76, 77, 78, 79, 80, 82, 83, 84, 85, 86, 87, 88, 89, 93], "excluded_lines": [], "start_line": 1}}}, "app\\services\\rag.py": {"executed_lines": [1, 3, 4, 5, 8], "summary": {"covered_lines": 5, "num_statements": 12, "percent_covered": 41.666666666666664, "percent_covered_display": "42", "missing_lines": 7, "excluded_lines": 0, "percent_statements_covered": 41.666666666666664, "percent_statements_covered_display": "42"}, "missing_lines": [9, 10, 11, 12, 13, 24, 25], "excluded_lines": [], "functions": {"answer_with_rag": {"executed_lines": [], "summary": {"covered_lines": 0, "num_statements": 7, "percent_covered": 0.0, "percent_covered_display": "0", "missing_lines": 7, "excluded_lines": 0, "percent_statements_covered": 0.0, "percent_statements_covered_display": "0"}, "missing_lines": [9, 10, 11, 12, 13, 24, 25], "excluded_lines": [], "start_line": 8}, "": {"executed_lines": [1, 3, 4, 5, 8], "summary": {"covered_lines": 5, "num_statements": 5, "percent_covered": 100.0, "percent_covered_display": "100", "missing_lines": 0, "excluded_lines": 0, "percent_statements_covered": 100.0, "percent_statements_covered_display": "100"}, "missing_lines": [], "excluded_lines": [], "start_line": 1}}, "classes": {"": {"executed_lines": [1, 3, 4, 5, 8], "summary": {"covered_lines": 5, "num_statements": 12, "percent_covered": 41.666666666666664, "percent_covered_display": "42", "missing_lines": 7, "excluded_lines": 0, "percent_statements_covered": 41.666666666666664, "percent_statements_covered_display": "42"}, "missing_lines": [9, 10, 11, 12, 13, 24, 25], "excluded_lines": [], "start_line": 1}}}, "app\\services\\template_storage.py": {"executed_lines": [1, 2, 3, 4, 5, 6, 7, 9, 10, 11, 13, 14, 15, 18, 26, 27, 30, 31, 34, 35, 38, 39, 42, 43, 44, 45, 46, 47, 48, 51, 52, 55, 56, 57, 58, 59, 61, 63, 64, 65, 66, 67, 68, 69, 70, 72, 81, 82, 92, 93, 94, 97, 104, 105, 108, 109, 110, 117, 118, 120, 121, 122, 123, 124, 125, 126, 127, 128, 129, 130, 131, 134, 143, 145, 148, 149, 158, 159, 160, 163, 164, 165, 173, 175, 176, 178, 181, 182, 184, 185, 186, 187, 188, 189, 190, 191, 192, 195, 197, 198], "summary": {"covered_lines": 100, "num_statements": 110, "percent_covered": 90.9090909090909, "percent_covered_display": "91", "missing_lines": 10, "excluded_lines": 0, "percent_statements_covered": 90.9090909090909, "percent_statements_covered_display": "91"}, "missing_lines": [60, 62, 71, 106, 144, 172, 174, 177, 193, 194], "excluded_lines": [], "functions": {"_safe_filename": {"executed_lines": [52], "summary": {"covered_lines": 1, "num_statements": 1, "percent_covered": 100.0, "percent_covered_display": "100", "missing_lines": 0, "excluded_lines": 0, "percent_statements_covered": 100.0, "percent_statements_covered_display": "100"}, "missing_lines": [], "excluded_lines": [], "start_line": 51}, "validate_pptx_upload": {"executed_lines": [56, 57, 58, 59, 61, 63, 64, 65, 66, 67, 68, 69, 70, 72], "summary": {"covered_lines": 14, "num_statements": 17, "percent_covered": 82.3529411764706, "percent_covered_display": "82", "missing_lines": 3, "excluded_lines": 0, "percent_statements_covered": 82.3529411764706, "percent_statements_covered_display": "82"}, "missing_lines": [60, 62, 71], "excluded_lines": [], "start_line": 55}, "find_account_template": {"executed_lines": [82, 92, 93, 94], "summary": {"covered_lines": 4, "num_statements": 4, "percent_covered": 100.0, "percent_covered_display": "100", "missing_lines": 0, "excluded_lines": 0, "percent_statements_covered": 100.0, "percent_statements_covered_display": "100"}, "missing_lines": [], "excluded_lines": [], "start_line": 81}, "store_account_template": {"executed_lines": [104, 105, 108, 109, 110, 117, 118, 120, 121, 122, 123, 124, 125, 126, 127, 128, 129, 130, 131, 134, 143, 145], "summary": {"covered_lines": 22, "num_statements": 24, "percent_covered": 91.66666666666667, "percent_covered_display": "92", "missing_lines": 2, "excluded_lines": 0, "percent_statements_covered": 91.66666666666667, "percent_statements_covered_display": "92"}, "missing_lines": [106, 144], "excluded_lines": [], "start_line": 97}, "remove_account_templates": {"executed_lines": [149, 158, 159, 160], "summary": {"covered_lines": 4, "num_statements": 4, "percent_covered": 100.0, "percent_covered_display": "100", "missing_lines": 0, "excluded_lines": 0, "percent_statements_covered": 100.0, "percent_statements_covered_display": "100"}, "missing_lines": [], "excluded_lines": [], "start_line": 148}, "get_account_template_bytes": {"executed_lines": [164, 165, 173, 175, 176, 178], "summary": {"covered_lines": 6, "num_statements": 9, "percent_covered": 66.66666666666667, "percent_covered_display": "67", "missing_lines": 3, "excluded_lines": 0, "percent_statements_covered": 66.66666666666667, "percent_statements_covered_display": "67"}, "missing_lines": [172, 174, 177], "excluded_lines": [], "start_line": 163}, "get_account_template_file": {"executed_lines": [184, 185, 186, 187, 188, 189, 190, 191, 192, 195, 197, 198], "summary": {"covered_lines": 12, "num_statements": 14, "percent_covered": 85.71428571428571, "percent_covered_display": "86", "missing_lines": 2, "excluded_lines": 0, "percent_statements_covered": 85.71428571428571, "percent_statements_covered_display": "86"}, "missing_lines": [193, 194], "excluded_lines": [], "start_line": 182}, "": {"executed_lines": [1, 2, 3, 4, 5, 6, 7, 9, 10, 11, 13, 14, 15, 18, 26, 27, 30, 31, 34, 35, 38, 39, 42, 43, 44, 45, 46, 47, 48, 51, 55, 81, 97, 148, 163, 181, 182], "summary": {"covered_lines": 37, "num_statements": 37, "percent_covered": 100.0, "percent_covered_display": "100", "missing_lines": 0, "excluded_lines": 0, "percent_statements_covered": 100.0, "percent_statements_covered_display": "100"}, "missing_lines": [], "excluded_lines": [], "start_line": 1}}, "classes": {"TemplateStorageError": {"executed_lines": [], "summary": {"covered_lines": 0, "num_statements": 0, "percent_covered": 100.0, "percent_covered_display": "100", "missing_lines": 0, "excluded_lines": 0, "percent_statements_covered": 100.0, "percent_statements_covered_display": "100"}, "missing_lines": [], "excluded_lines": [], "start_line": 26}, "TemplateNotConfiguredError": {"executed_lines": [], "summary": {"covered_lines": 0, "num_statements": 0, "percent_covered": 100.0, "percent_covered_display": "100", "missing_lines": 0, "excluded_lines": 0, "percent_statements_covered": 100.0, "percent_statements_covered_display": "100"}, "missing_lines": [], "excluded_lines": [], "start_line": 30}, "InvalidTemplateError": {"executed_lines": [], "summary": {"covered_lines": 0, "num_statements": 0, "percent_covered": 100.0, "percent_covered_display": "100", "missing_lines": 0, "excluded_lines": 0, "percent_statements_covered": 100.0, "percent_statements_covered_display": "100"}, "missing_lines": [], "excluded_lines": [], "start_line": 34}, "TemplateUploadError": {"executed_lines": [], "summary": {"covered_lines": 0, "num_statements": 0, "percent_covered": 100.0, "percent_covered_display": "100", "missing_lines": 0, "excluded_lines": 0, "percent_statements_covered": 100.0, "percent_statements_covered_display": "100"}, "missing_lines": [], "excluded_lines": [], "start_line": 38}, "ValidatedTemplate": {"executed_lines": [], "summary": {"covered_lines": 0, "num_statements": 0, "percent_covered": 100.0, "percent_covered_display": "100", "missing_lines": 0, "excluded_lines": 0, "percent_statements_covered": 100.0, "percent_statements_covered_display": "100"}, "missing_lines": [], "excluded_lines": [], "start_line": 43}, "": {"executed_lines": [1, 2, 3, 4, 5, 6, 7, 9, 10, 11, 13, 14, 15, 18, 26, 27, 30, 31, 34, 35, 38, 39, 42, 43, 44, 45, 46, 47, 48, 51, 52, 55, 56, 57, 58, 59, 61, 63, 64, 65, 66, 67, 68, 69, 70, 72, 81, 82, 92, 93, 94, 97, 104, 105, 108, 109, 110, 117, 118, 120, 121, 122, 123, 124, 125, 126, 127, 128, 129, 130, 131, 134, 143, 145, 148, 149, 158, 159, 160, 163, 164, 165, 173, 175, 176, 178, 181, 182, 184, 185, 186, 187, 188, 189, 190, 191, 192, 195, 197, 198], "summary": {"covered_lines": 100, "num_statements": 110, "percent_covered": 90.9090909090909, "percent_covered_display": "91", "missing_lines": 10, "excluded_lines": 0, "percent_statements_covered": 90.9090909090909, "percent_statements_covered_display": "91"}, "missing_lines": [60, 62, 71, 106, 144, 172, 174, 177, 193, 194], "excluded_lines": [], "start_line": 1}}}, "app\\workers\\__init__.py": {"executed_lines": [], "summary": {"covered_lines": 0, "num_statements": 0, "percent_covered": 100.0, "percent_covered_display": "100", "missing_lines": 0, "excluded_lines": 0, "percent_statements_covered": 100.0, "percent_statements_covered_display": "100"}, "missing_lines": [], "excluded_lines": [], "functions": {"": {"executed_lines": [], "summary": {"covered_lines": 0, "num_statements": 0, "percent_covered": 100.0, "percent_covered_display": "100", "missing_lines": 0, "excluded_lines": 0, "percent_statements_covered": 100.0, "percent_statements_covered_display": "100"}, "missing_lines": [], "excluded_lines": [], "start_line": 1}}, "classes": {"": {"executed_lines": [], "summary": {"covered_lines": 0, "num_statements": 0, "percent_covered": 100.0, "percent_covered_display": "100", "missing_lines": 0, "excluded_lines": 0, "percent_statements_covered": 100.0, "percent_statements_covered_display": "100"}, "missing_lines": [], "excluded_lines": [], "start_line": 1}}}, "app\\workers\\celery_app.py": {"executed_lines": [1, 3, 5, 6, 7], "summary": {"covered_lines": 5, "num_statements": 5, "percent_covered": 100.0, "percent_covered_display": "100", "missing_lines": 0, "excluded_lines": 0, "percent_statements_covered": 100.0, "percent_statements_covered_display": "100"}, "missing_lines": [], "excluded_lines": [], "functions": {"": {"executed_lines": [1, 3, 5, 6, 7], "summary": {"covered_lines": 5, "num_statements": 5, "percent_covered": 100.0, "percent_covered_display": "100", "missing_lines": 0, "excluded_lines": 0, "percent_statements_covered": 100.0, "percent_statements_covered_display": "100"}, "missing_lines": [], "excluded_lines": [], "start_line": 1}}, "classes": {"": {"executed_lines": [1, 3, 5, 6, 7], "summary": {"covered_lines": 5, "num_statements": 5, "percent_covered": 100.0, "percent_covered_display": "100", "missing_lines": 0, "excluded_lines": 0, "percent_statements_covered": 100.0, "percent_statements_covered_display": "100"}, "missing_lines": [], "excluded_lines": [], "start_line": 1}}}, "app\\workers\\tasks.py": {"executed_lines": [1, 2, 3, 4, 5, 6, 9, 10, 25, 26], "summary": {"covered_lines": 10, "num_statements": 24, "percent_covered": 41.666666666666664, "percent_covered_display": "42", "missing_lines": 14, "excluded_lines": 0, "percent_statements_covered": 41.666666666666664, "percent_statements_covered_display": "42"}, "missing_lines": [11, 12, 13, 14, 15, 16, 17, 18, 19, 20, 21, 22, 27, 28], "excluded_lines": [], "functions": {"generate_report_task": {"executed_lines": [], "summary": {"covered_lines": 0, "num_statements": 12, "percent_covered": 0.0, "percent_covered_display": "0", "missing_lines": 12, "excluded_lines": 0, "percent_statements_covered": 0.0, "percent_statements_covered_display": "0"}, "missing_lines": [11, 12, 13, 14, 15, 16, 17, 18, 19, 20, 21, 22], "excluded_lines": [], "start_line": 10}, "index_statuses_task": {"executed_lines": [], "summary": {"covered_lines": 0, "num_statements": 2, "percent_covered": 0.0, "percent_covered_display": "0", "missing_lines": 2, "excluded_lines": 0, "percent_statements_covered": 0.0, "percent_statements_covered_display": "0"}, "missing_lines": [27, 28], "excluded_lines": [], "start_line": 26}, "": {"executed_lines": [1, 2, 3, 4, 5, 6, 9, 10, 25, 26], "summary": {"covered_lines": 10, "num_statements": 10, "percent_covered": 100.0, "percent_covered_display": "100", "missing_lines": 0, "excluded_lines": 0, "percent_statements_covered": 100.0, "percent_statements_covered_display": "100"}, "missing_lines": [], "excluded_lines": [], "start_line": 1}}, "classes": {"": {"executed_lines": [1, 2, 3, 4, 5, 6, 9, 10, 25, 26], "summary": {"covered_lines": 10, "num_statements": 24, "percent_covered": 41.666666666666664, "percent_covered_display": "42", "missing_lines": 14, "excluded_lines": 0, "percent_statements_covered": 41.666666666666664, "percent_statements_covered_display": "42"}, "missing_lines": [11, 12, 13, 14, 15, 16, 17, 18, 19, 20, 21, 22, 27, 28], "excluded_lines": [], "start_line": 1}}}}, "totals": {"covered_lines": 2318, "num_statements": 3194, "percent_covered": 72.5735754539762, "percent_covered_display": "73", "missing_lines": 876, "excluded_lines": 0, "percent_statements_covered": 72.5735754539762, "percent_statements_covered_display": "73"}}